2018-04-04 08:00:02,827 INFO [Clustering Tasks Thread-3] o.a.n.c.c.ClusterProtocolHeartbeater Heartbeat created at 2018-04-04 08:00:02,822 and sent to nifisetuptwo:9999 at 2018-04-04 08:00:02,827; send took 5 millis
2018-04-04 08:00:07,834 INFO [Clustering Tasks Thread-3] o.a.n.c.c.ClusterProtocolHeartbeater Heartbeat created at 2018-04-04 08:00:07,828 and sent to nifisetuptwo:9999 at 2018-04-04 08:00:07,834; send took 5 millis
2018-04-04 08:00:12,839 INFO [Clustering Tasks Thread-3] o.a.n.c.c.ClusterProtocolHeartbeater Heartbeat created at 2018-04-04 08:00:12,834 and sent to nifisetuptwo:9999 at 2018-04-04 08:00:12,839; send took 5 millis
2018-04-04 08:00:17,845 INFO [Clustering Tasks Thread-3] o.a.n.c.c.ClusterProtocolHeartbeater Heartbeat created at 2018-04-04 08:00:17,840 and sent to nifisetuptwo:9999 at 2018-04-04 08:00:17,845; send took 5 millis
2018-04-04 08:00:22,851 INFO [Clustering Tasks Thread-3] o.a.n.c.c.ClusterProtocolHeartbeater Heartbeat created at 2018-04-04 08:00:22,845 and sent to nifisetuptwo:9999 at 2018-04-04 08:00:22,851; send took 5 millis
2018-04-04 08:00:27,571 INFO [Write-Ahead Local State Provider Maintenance] org.wali.MinimalLockingWriteAheadLog org.wali.MinimalLockingWriteAheadLog@56ed2baf checkpointed with 61 Records and 0 Swap Files in 126 milliseconds (Stop-the-world time = 1 milliseconds, Clear Edit Logs time = 1 millis), max Transaction ID 137
2018-04-04 08:00:27,856 INFO [Clustering Tasks Thread-3] o.a.n.c.c.ClusterProtocolHeartbeater Heartbeat created at 2018-04-04 08:00:27,851 and sent to nifisetuptwo:9999 at 2018-04-04 08:00:27,856; send took 4 millis
2018-04-04 08:00:32,862 INFO [Clustering Tasks Thread-3] o.a.n.c.c.ClusterProtocolHeartbeater Heartbeat created at 2018-04-04 08:00:32,856 and sent to nifisetuptwo:9999 at 2018-04-04 08:00:32,862; send took 5 millis
2018-04-04 08:00:37,868 INFO [Clustering Tasks Thread-3] o.a.n.c.c.ClusterProtocolHeartbeater Heartbeat created at 2018-04-04 08:00:37,862 and sent to nifisetuptwo:9999 at 2018-04-04 08:00:37,868; send took 5 millis
2018-04-04 08:00:42,873 INFO [Clustering Tasks Thread-3] o.a.n.c.c.ClusterProtocolHeartbeater Heartbeat created at 2018-04-04 08:00:42,868 and sent to nifisetuptwo:9999 at 2018-04-04 08:00:42,873; send took 5 millis
2018-04-04 08:00:47,878 INFO [Clustering Tasks Thread-3] o.a.n.c.c.ClusterProtocolHeartbeater Heartbeat created at 2018-04-04 08:00:47,874 and sent to nifisetuptwo:9999 at 2018-04-04 08:00:47,878; send took 4 millis
2018-04-04 08:00:52,885 INFO [Clustering Tasks Thread-3] o.a.n.c.c.ClusterProtocolHeartbeater Heartbeat created at 2018-04-04 08:00:52,879 and sent to nifisetuptwo:9999 at 2018-04-04 08:00:52,885; send took 5 millis
2018-04-04 08:00:57,890 INFO [Clustering Tasks Thread-3] o.a.n.c.c.ClusterProtocolHeartbeater Heartbeat created at 2018-04-04 08:00:57,885 and sent to nifisetuptwo:9999 at 2018-04-04 08:00:57,890; send took 5 millis
2018-04-04 08:01:02,895 INFO [Clustering Tasks Thread-3] o.a.n.c.c.ClusterProtocolHeartbeater Heartbeat created at 2018-04-04 08:01:02,890 and sent to nifisetuptwo:9999 at 2018-04-04 08:01:02,895; send took 4 millis
2018-04-04 08:01:07,900 INFO [Clustering Tasks Thread-3] o.a.n.c.c.ClusterProtocolHeartbeater Heartbeat created at 2018-04-04 08:01:07,895 and sent to nifisetuptwo:9999 at 2018-04-04 08:01:07,900; send took 4 millis
2018-04-04 08:01:12,906 INFO [Clustering Tasks Thread-3] o.a.n.c.c.ClusterProtocolHeartbeater Heartbeat created at 2018-04-04 08:01:12,900 and sent to nifisetuptwo:9999 at 2018-04-04 08:01:12,906; send took 5 millis
2018-04-04 08:01:17,912 INFO [Clustering Tasks Thread-3] o.a.n.c.c.ClusterProtocolHeartbeater Heartbeat created at 2018-04-04 08:01:17,906 and sent to nifisetuptwo:9999 at 2018-04-04 08:01:17,912; send took 5 millis
2018-04-04 08:01:22,917 INFO [Clustering Tasks Thread-3] o.a.n.c.c.ClusterProtocolHeartbeater Heartbeat created at 2018-04-04 08:01:22,912 and sent to nifisetuptwo:9999 at 2018-04-04 08:01:22,917; send took 4 millis
2018-04-04 08:01:27,922 INFO [Clustering Tasks Thread-3] o.a.n.c.c.ClusterProtocolHeartbeater Heartbeat created at 2018-04-04 08:01:27,917 and sent to nifisetuptwo:9999 at 2018-04-04 08:01:27,922; send took 4 millis
2018-04-04 08:01:32,927 INFO [Clustering Tasks Thread-3] o.a.n.c.c.ClusterProtocolHeartbeater Heartbeat created at 2018-04-04 08:01:32,922 and sent to nifisetuptwo:9999 at 2018-04-04 08:01:32,927; send took 4 millis
2018-04-04 08:01:37,933 INFO [Clustering Tasks Thread-3] o.a.n.c.c.ClusterProtocolHeartbeater Heartbeat created at 2018-04-04 08:01:37,928 and sent to nifisetuptwo:9999 at 2018-04-04 08:01:37,933; send took 5 millis
2018-04-04 08:01:38,304 INFO [pool-12-thread-1] o.a.n.c.r.WriteAheadFlowFileRepository Initiating checkpoint of FlowFile Repository
2018-04-04 08:01:38,401 INFO [pool-12-thread-1] org.wali.MinimalLockingWriteAheadLog org.wali.MinimalLockingWriteAheadLog@c8293cb checkpointed with 0 Records and 0 Swap Files in 96 milliseconds (Stop-the-world time = 42 milliseconds, Clear Edit Logs time = 26 millis), max Transaction ID 48561
2018-04-04 08:01:38,401 INFO [pool-12-thread-1] o.a.n.c.r.WriteAheadFlowFileRepository Successfully checkpointed FlowFile Repository with 0 records in 96 milliseconds
2018-04-04 08:01:42,938 INFO [Clustering Tasks Thread-3] o.a.n.c.c.ClusterProtocolHeartbeater Heartbeat created at 2018-04-04 08:01:42,933 and sent to nifisetuptwo:9999 at 2018-04-04 08:01:42,938; send took 4 millis
2018-04-04 08:01:47,944 INFO [Clustering Tasks Thread-3] o.a.n.c.c.ClusterProtocolHeartbeater Heartbeat created at 2018-04-04 08:01:47,938 and sent to nifisetuptwo:9999 at 2018-04-04 08:01:47,944; send took 5 millis
2018-04-04 08:01:52,950 INFO [Clustering Tasks Thread-3] o.a.n.c.c.ClusterProtocolHeartbeater Heartbeat created at 2018-04-04 08:01:52,944 and sent to nifisetuptwo:9999 at 2018-04-04 08:01:52,950; send took 6 millis
2018-04-04 08:01:57,955 INFO [Clustering Tasks Thread-3] o.a.n.c.c.ClusterProtocolHeartbeater Heartbeat created at 2018-04-04 08:01:57,950 and sent to nifisetuptwo:9999 at 2018-04-04 08:01:57,955; send took 5 millis
2018-04-04 08:02:02,961 INFO [Clustering Tasks Thread-3] o.a.n.c.c.ClusterProtocolHeartbeater Heartbeat created at 2018-04-04 08:02:02,956 and sent to nifisetuptwo:9999 at 2018-04-04 08:02:02,961; send took 5 millis
2018-04-04 08:02:07,967 INFO [Clustering Tasks Thread-3] o.a.n.c.c.ClusterProtocolHeartbeater Heartbeat created at 2018-04-04 08:02:07,961 and sent to nifisetuptwo:9999 at 2018-04-04 08:02:07,967; send took 5 millis
2018-04-04 08:02:12,974 INFO [Clustering Tasks Thread-3] o.a.n.c.c.ClusterProtocolHeartbeater Heartbeat created at 2018-04-04 08:02:12,968 and sent to nifisetuptwo:9999 at 2018-04-04 08:02:12,974; send took 6 millis
2018-04-04 08:02:17,980 INFO [Clustering Tasks Thread-3] o.a.n.c.c.ClusterProtocolHeartbeater Heartbeat created at 2018-04-04 08:02:17,974 and sent to nifisetuptwo:9999 at 2018-04-04 08:02:17,980; send took 5 millis
2018-04-04 08:02:22,986 INFO [Clustering Tasks Thread-3] o.a.n.c.c.ClusterProtocolHeartbeater Heartbeat created at 2018-04-04 08:02:22,980 and sent to nifisetuptwo:9999 at 2018-04-04 08:02:22,986; send took 5 millis
2018-04-04 08:02:27,773 INFO [Write-Ahead Local State Provider Maintenance] org.wali.MinimalLockingWriteAheadLog org.wali.MinimalLockingWriteAheadLog@56ed2baf checkpointed with 61 Records and 0 Swap Files in 201 milliseconds (Stop-the-world time = 1 milliseconds, Clear Edit Logs time = 1 millis), max Transaction ID 137
2018-04-04 08:02:27,991 INFO [Clustering Tasks Thread-3] o.a.n.c.c.ClusterProtocolHeartbeater Heartbeat created at 2018-04-04 08:02:27,986 and sent to nifisetuptwo:9999 at 2018-04-04 08:02:27,991; send took 4 millis
2018-04-04 08:02:32,996 INFO [Clustering Tasks Thread-3] o.a.n.c.c.ClusterProtocolHeartbeater Heartbeat created at 2018-04-04 08:02:32,991 and sent to nifisetuptwo:9999 at 2018-04-04 08:02:32,996; send took 5 millis
2018-04-04 08:02:38,002 INFO [Clustering Tasks Thread-3] o.a.n.c.c.ClusterProtocolHeartbeater Heartbeat created at 2018-04-04 08:02:37,997 and sent to nifisetuptwo:9999 at 2018-04-04 08:02:38,002; send took 5 millis
2018-04-04 08:02:43,008 INFO [Clustering Tasks Thread-3] o.a.n.c.c.ClusterProtocolHeartbeater Heartbeat created at 2018-04-04 08:02:43,002 and sent to nifisetuptwo:9999 at 2018-04-04 08:02:43,008; send took 5 millis
2018-04-04 08:02:48,013 INFO [Clustering Tasks Thread-3] o.a.n.c.c.ClusterProtocolHeartbeater Heartbeat created at 2018-04-04 08:02:48,008 and sent to nifisetuptwo:9999 at 2018-04-04 08:02:48,013; send took 5 millis
2018-04-04 08:02:53,019 INFO [Clustering Tasks Thread-3] o.a.n.c.c.ClusterProtocolHeartbeater Heartbeat created at 2018-04-04 08:02:53,014 and sent to nifisetuptwo:9999 at 2018-04-04 08:02:53,019; send took 5 millis
2018-04-04 08:02:58,026 INFO [Clustering Tasks Thread-3] o.a.n.c.c.ClusterProtocolHeartbeater Heartbeat created at 2018-04-04 08:02:58,021 and sent to nifisetuptwo:9999 at 2018-04-04 08:02:58,026; send took 5 millis
2018-04-04 08:03:03,031 INFO [Clustering Tasks Thread-3] o.a.n.c.c.ClusterProtocolHeartbeater Heartbeat created at 2018-04-04 08:03:03,027 and sent to nifisetuptwo:9999 at 2018-04-04 08:03:03,031; send took 4 millis
2018-04-04 08:03:08,038 INFO [Clustering Tasks Thread-3] o.a.n.c.c.ClusterProtocolHeartbeater Heartbeat created at 2018-04-04 08:03:08,032 and sent to nifisetuptwo:9999 at 2018-04-04 08:03:08,037; send took 5 millis
2018-04-04 08:03:13,044 INFO [Clustering Tasks Thread-3] o.a.n.c.c.ClusterProtocolHeartbeater Heartbeat created at 2018-04-04 08:03:13,038 and sent to nifisetuptwo:9999 at 2018-04-04 08:03:13,044; send took 5 millis
2018-04-04 08:03:18,049 INFO [Clustering Tasks Thread-3] o.a.n.c.c.ClusterProtocolHeartbeater Heartbeat created at 2018-04-04 08:03:18,044 and sent to nifisetuptwo:9999 at 2018-04-04 08:03:18,049; send took 5 millis
2018-04-04 08:03:23,059 INFO [Clustering Tasks Thread-3] o.a.n.c.c.ClusterProtocolHeartbeater Heartbeat created at 2018-04-04 08:03:23,050 and sent to nifisetuptwo:9999 at 2018-04-04 08:03:23,059; send took 9 millis
2018-04-04 08:03:28,066 INFO [Clustering Tasks Thread-3] o.a.n.c.c.ClusterProtocolHeartbeater Heartbeat created at 2018-04-04 08:03:28,059 and sent to nifisetuptwo:9999 at 2018-04-04 08:03:28,066; send took 6 millis
2018-04-04 08:03:33,075 INFO [Clustering Tasks Thread-3] o.a.n.c.c.ClusterProtocolHeartbeater Heartbeat created at 2018-04-04 08:03:33,066 and sent to nifisetuptwo:9999 at 2018-04-04 08:03:33,075; send took 8 millis
2018-04-04 08:03:38,080 INFO [Clustering Tasks Thread-3] o.a.n.c.c.ClusterProtocolHeartbeater Heartbeat created at 2018-04-04 08:03:38,075 and sent to nifisetuptwo:9999 at 2018-04-04 08:03:38,080; send took 4 millis
2018-04-04 08:03:38,401 INFO [pool-12-thread-1] o.a.n.c.r.WriteAheadFlowFileRepository Initiating checkpoint of FlowFile Repository
2018-04-04 08:03:38,503 INFO [pool-12-thread-1] org.wali.MinimalLockingWriteAheadLog org.wali.MinimalLockingWriteAheadLog@c8293cb checkpointed with 0 Records and 0 Swap Files in 102 milliseconds (Stop-the-world time = 45 milliseconds, Clear Edit Logs time = 26 millis), max Transaction ID 48561
2018-04-04 08:03:38,503 INFO [pool-12-thread-1] o.a.n.c.r.WriteAheadFlowFileRepository Successfully checkpointed FlowFile Repository with 0 records in 102 milliseconds
2018-04-04 08:03:43,087 INFO [Clustering Tasks Thread-3] o.a.n.c.c.ClusterProtocolHeartbeater Heartbeat created at 2018-04-04 08:03:43,080 and sent to nifisetuptwo:9999 at 2018-04-04 08:03:43,087; send took 6 millis
2018-04-04 08:03:48,092 INFO [Clustering Tasks Thread-3] o.a.n.c.c.ClusterProtocolHeartbeater Heartbeat created at 2018-04-04 08:03:48,087 and sent to nifisetuptwo:9999 at 2018-04-04 08:03:48,092; send took 5 millis
2018-04-04 08:03:53,098 INFO [Clustering Tasks Thread-3] o.a.n.c.c.ClusterProtocolHeartbeater Heartbeat created at 2018-04-04 08:03:53,092 and sent to nifisetuptwo:9999 at 2018-04-04 08:03:53,098; send took 5 millis
2018-04-04 08:03:58,104 INFO [Clustering Tasks Thread-3] o.a.n.c.c.ClusterProtocolHeartbeater Heartbeat created at 2018-04-04 08:03:58,098 and sent to nifisetuptwo:9999 at 2018-04-04 08:03:58,104; send took 5 millis
2018-04-04 08:04:03,109 INFO [Clustering Tasks Thread-3] o.a.n.c.c.ClusterProtocolHeartbeater Heartbeat created at 2018-04-04 08:04:03,104 and sent to nifisetuptwo:9999 at 2018-04-04 08:04:03,109; send took 5 millis
2018-04-04 08:04:08,115 INFO [Clustering Tasks Thread-3] o.a.n.c.c.ClusterProtocolHeartbeater Heartbeat created at 2018-04-04 08:04:08,110 and sent to nifisetuptwo:9999 at 2018-04-04 08:04:08,115; send took 4 millis
2018-04-04 08:04:13,120 INFO [Clustering Tasks Thread-3] o.a.n.c.c.ClusterProtocolHeartbeater Heartbeat created at 2018-04-04 08:04:13,115 and sent to nifisetuptwo:9999 at 2018-04-04 08:04:13,120; send took 5 millis
2018-04-04 08:04:18,126 INFO [Clustering Tasks Thread-3] o.a.n.c.c.ClusterProtocolHeartbeater Heartbeat created at 2018-04-04 08:04:18,121 and sent to nifisetuptwo:9999 at 2018-04-04 08:04:18,126; send took 5 millis
2018-04-04 08:04:23,132 INFO [Clustering Tasks Thread-3] o.a.n.c.c.ClusterProtocolHeartbeater Heartbeat created at 2018-04-04 08:04:23,126 and sent to nifisetuptwo:9999 at 2018-04-04 08:04:23,132; send took 5 millis
2018-04-04 08:04:27,923 INFO [Write-Ahead Local State Provider Maintenance] org.wali.MinimalLockingWriteAheadLog org.wali.MinimalLockingWriteAheadLog@56ed2baf checkpointed with 61 Records and 0 Swap Files in 150 milliseconds (Stop-the-world time = 2 milliseconds, Clear Edit Logs time = 1 millis), max Transaction ID 137
2018-04-04 08:04:28,142 INFO [Clustering Tasks Thread-3] o.a.n.c.c.ClusterProtocolHeartbeater Heartbeat created at 2018-04-04 08:04:28,136 and sent to nifisetuptwo:9999 at 2018-04-04 08:04:28,142; send took 5 millis
2018-04-04 08:04:33,148 INFO [Clustering Tasks Thread-3] o.a.n.c.c.ClusterProtocolHeartbeater Heartbeat created at 2018-04-04 08:04:33,142 and sent to nifisetuptwo:9999 at 2018-04-04 08:04:33,148; send took 5 millis
2018-04-04 08:04:38,153 INFO [Clustering Tasks Thread-3] o.a.n.c.c.ClusterProtocolHeartbeater Heartbeat created at 2018-04-04 08:04:38,148 and sent to nifisetuptwo:9999 at 2018-04-04 08:04:38,153; send took 4 millis
2018-04-04 08:04:43,158 INFO [Clustering Tasks Thread-3] o.a.n.c.c.ClusterProtocolHeartbeater Heartbeat created at 2018-04-04 08:04:43,153 and sent to nifisetuptwo:9999 at 2018-04-04 08:04:43,158; send took 5 millis
2018-04-04 08:04:48,164 INFO [Clustering Tasks Thread-3] o.a.n.c.c.ClusterProtocolHeartbeater Heartbeat created at 2018-04-04 08:04:48,159 and sent to nifisetuptwo:9999 at 2018-04-04 08:04:48,164; send took 5 millis
2018-04-04 08:04:53,170 INFO [Clustering Tasks Thread-3] o.a.n.c.c.ClusterProtocolHeartbeater Heartbeat created at 2018-04-04 08:04:53,165 and sent to nifisetuptwo:9999 at 2018-04-04 08:04:53,170; send took 4 millis
2018-04-04 08:04:58,175 INFO [Clustering Tasks Thread-3] o.a.n.c.c.ClusterProtocolHeartbeater Heartbeat created at 2018-04-04 08:04:58,170 and sent to nifisetuptwo:9999 at 2018-04-04 08:04:58,175; send took 4 millis
2018-04-04 08:05:03,179 INFO [Clustering Tasks Thread-3] o.a.n.c.c.ClusterProtocolHeartbeater Heartbeat created at 2018-04-04 08:05:03,175 and sent to nifisetuptwo:9999 at 2018-04-04 08:05:03,179; send took 4 millis
2018-04-04 08:05:08,186 INFO [Clustering Tasks Thread-3] o.a.n.c.c.ClusterProtocolHeartbeater Heartbeat created at 2018-04-04 08:05:08,180 and sent to nifisetuptwo:9999 at 2018-04-04 08:05:08,186; send took 5 millis
2018-04-04 08:05:13,192 INFO [Clustering Tasks Thread-3] o.a.n.c.c.ClusterProtocolHeartbeater Heartbeat created at 2018-04-04 08:05:13,186 and sent to nifisetuptwo:9999 at 2018-04-04 08:05:13,192; send took 6 millis
2018-04-04 08:05:18,198 INFO [Clustering Tasks Thread-3] o.a.n.c.c.ClusterProtocolHeartbeater Heartbeat created at 2018-04-04 08:05:18,193 and sent to nifisetuptwo:9999 at 2018-04-04 08:05:18,198; send took 5 millis
2018-04-04 08:05:23,204 INFO [Clustering Tasks Thread-3] o.a.n.c.c.ClusterProtocolHeartbeater Heartbeat created at 2018-04-04 08:05:23,198 and sent to nifisetuptwo:9999 at 2018-04-04 08:05:23,204; send took 5 millis
2018-04-04 08:05:28,209 INFO [Clustering Tasks Thread-3] o.a.n.c.c.ClusterProtocolHeartbeater Heartbeat created at 2018-04-04 08:05:28,204 and sent to nifisetuptwo:9999 at 2018-04-04 08:05:28,209; send took 5 millis
2018-04-04 08:05:33,214 INFO [Clustering Tasks Thread-3] o.a.n.c.c.ClusterProtocolHeartbeater Heartbeat created at 2018-04-04 08:05:33,209 and sent to nifisetuptwo:9999 at 2018-04-04 08:05:33,214; send took 4 millis
2018-04-04 08:05:38,220 INFO [Clustering Tasks Thread-3] o.a.n.c.c.ClusterProtocolHeartbeater Heartbeat created at 2018-04-04 08:05:38,214 and sent to nifisetuptwo:9999 at 2018-04-04 08:05:38,220; send took 5 millis
2018-04-04 08:05:38,503 INFO [pool-12-thread-1] o.a.n.c.r.WriteAheadFlowFileRepository Initiating checkpoint of FlowFile Repository
2018-04-04 08:05:38,603 INFO [pool-12-thread-1] org.wali.MinimalLockingWriteAheadLog org.wali.MinimalLockingWriteAheadLog@c8293cb checkpointed with 0 Records and 0 Swap Files in 99 milliseconds (Stop-the-world time = 40 milliseconds, Clear Edit Logs time = 26 millis), max Transaction ID 48561
2018-04-04 08:05:38,603 INFO [pool-12-thread-1] o.a.n.c.r.WriteAheadFlowFileRepository Successfully checkpointed FlowFile Repository with 0 records in 99 milliseconds
2018-04-04 08:05:43,226 INFO [Clustering Tasks Thread-3] o.a.n.c.c.ClusterProtocolHeartbeater Heartbeat created at 2018-04-04 08:05:43,220 and sent to nifisetuptwo:9999 at 2018-04-04 08:05:43,226; send took 5 millis
2018-04-04 08:05:48,231 INFO [Clustering Tasks Thread-3] o.a.n.c.c.ClusterProtocolHeartbeater Heartbeat created at 2018-04-04 08:05:48,226 and sent to nifisetuptwo:9999 at 2018-04-04 08:05:48,231; send took 5 millis
2018-04-04 08:05:53,237 INFO [Clustering Tasks Thread-3] o.a.n.c.c.ClusterProtocolHeartbeater Heartbeat created at 2018-04-04 08:05:53,232 and sent to nifisetuptwo:9999 at 2018-04-04 08:05:53,237; send took 5 millis
2018-04-04 08:05:58,244 INFO [Clustering Tasks Thread-3] o.a.n.c.c.ClusterProtocolHeartbeater Heartbeat created at 2018-04-04 08:05:58,237 and sent to nifisetuptwo:9999 at 2018-04-04 08:05:58,244; send took 6 millis
2018-04-04 08:06:03,249 INFO [Clustering Tasks Thread-3] o.a.n.c.c.ClusterProtocolHeartbeater Heartbeat created at 2018-04-04 08:06:03,244 and sent to nifisetuptwo:9999 at 2018-04-04 08:06:03,249; send took 4 millis
2018-04-04 08:06:08,254 INFO [Clustering Tasks Thread-3] o.a.n.c.c.ClusterProtocolHeartbeater Heartbeat created at 2018-04-04 08:06:08,249 and sent to nifisetuptwo:9999 at 2018-04-04 08:06:08,254; send took 5 millis
2018-04-04 08:06:13,260 INFO [Clustering Tasks Thread-3] o.a.n.c.c.ClusterProtocolHeartbeater Heartbeat created at 2018-04-04 08:06:13,255 and sent to nifisetuptwo:9999 at 2018-04-04 08:06:13,260; send took 5 millis
2018-04-04 08:06:18,266 INFO [Clustering Tasks Thread-3] o.a.n.c.c.ClusterProtocolHeartbeater Heartbeat created at 2018-04-04 08:06:18,261 and sent to nifisetuptwo:9999 at 2018-04-04 08:06:18,266; send took 5 millis
2018-04-04 08:06:23,272 INFO [Clustering Tasks Thread-3] o.a.n.c.c.ClusterProtocolHeartbeater Heartbeat created at 2018-04-04 08:06:23,267 and sent to nifisetuptwo:9999 at 2018-04-04 08:06:23,272; send took 4 millis
2018-04-04 08:06:28,073 INFO [Write-Ahead Local State Provider Maintenance] org.wali.MinimalLockingWriteAheadLog org.wali.MinimalLockingWriteAheadLog@56ed2baf checkpointed with 61 Records and 0 Swap Files in 149 milliseconds (Stop-the-world time = 1 milliseconds, Clear Edit Logs time = 1 millis), max Transaction ID 137
2018-04-04 08:06:28,278 INFO [Clustering Tasks Thread-3] o.a.n.c.c.ClusterProtocolHeartbeater Heartbeat created at 2018-04-04 08:06:28,272 and sent to nifisetuptwo:9999 at 2018-04-04 08:06:28,278; send took 5 millis
2018-04-04 08:06:33,283 INFO [Clustering Tasks Thread-3] o.a.n.c.c.ClusterProtocolHeartbeater Heartbeat created at 2018-04-04 08:06:33,278 and sent to nifisetuptwo:9999 at 2018-04-04 08:06:33,283; send took 5 millis
2018-04-04 08:06:38,288 INFO [Clustering Tasks Thread-3] o.a.n.c.c.ClusterProtocolHeartbeater Heartbeat created at 2018-04-04 08:06:38,283 and sent to nifisetuptwo:9999 at 2018-04-04 08:06:38,288; send took 5 millis
2018-04-04 08:06:43,294 INFO [Clustering Tasks Thread-3] o.a.n.c.c.ClusterProtocolHeartbeater Heartbeat created at 2018-04-04 08:06:43,289 and sent to nifisetuptwo:9999 at 2018-04-04 08:06:43,294; send took 5 millis
2018-04-04 08:06:48,300 INFO [Clustering Tasks Thread-3] o.a.n.c.c.ClusterProtocolHeartbeater Heartbeat created at 2018-04-04 08:06:48,294 and sent to nifisetuptwo:9999 at 2018-04-04 08:06:48,300; send took 5 millis
2018-04-04 08:06:53,306 INFO [Clustering Tasks Thread-3] o.a.n.c.c.ClusterProtocolHeartbeater Heartbeat created at 2018-04-04 08:06:53,300 and sent to nifisetuptwo:9999 at 2018-04-04 08:06:53,306; send took 5 millis
2018-04-04 08:06:58,311 INFO [Clustering Tasks Thread-3] o.a.n.c.c.ClusterProtocolHeartbeater Heartbeat created at 2018-04-04 08:06:58,306 and sent to nifisetuptwo:9999 at 2018-04-04 08:06:58,311; send took 5 millis
2018-04-04 08:07:03,316 INFO [Clustering Tasks Thread-3] o.a.n.c.c.ClusterProtocolHeartbeater Heartbeat created at 2018-04-04 08:07:03,311 and sent to nifisetuptwo:9999 at 2018-04-04 08:07:03,316; send took 4 millis
2018-04-04 08:07:08,322 INFO [Clustering Tasks Thread-3] o.a.n.c.c.ClusterProtocolHeartbeater Heartbeat created at 2018-04-04 08:07:08,316 and sent to nifisetuptwo:9999 at 2018-04-04 08:07:08,322; send took 5 millis
2018-04-04 08:07:13,328 INFO [Clustering Tasks Thread-3] o.a.n.c.c.ClusterProtocolHeartbeater Heartbeat created at 2018-04-04 08:07:13,322 and sent to nifisetuptwo:9999 at 2018-04-04 08:07:13,328; send took 5 millis
2018-04-04 08:07:18,333 INFO [Clustering Tasks Thread-3] o.a.n.c.c.ClusterProtocolHeartbeater Heartbeat created at 2018-04-04 08:07:18,328 and sent to nifisetuptwo:9999 at 2018-04-04 08:07:18,333; send took 5 millis
2018-04-04 08:07:23,339 INFO [Clustering Tasks Thread-3] o.a.n.c.c.ClusterProtocolHeartbeater Heartbeat created at 2018-04-04 08:07:23,333 and sent to nifisetuptwo:9999 at 2018-04-04 08:07:23,339; send took 5 millis
2018-04-04 08:07:28,346 INFO [Clustering Tasks Thread-3] o.a.n.c.c.ClusterProtocolHeartbeater Heartbeat created at 2018-04-04 08:07:28,339 and sent to nifisetuptwo:9999 at 2018-04-04 08:07:28,346; send took 7 millis
2018-04-04 08:07:33,353 INFO [Clustering Tasks Thread-3] o.a.n.c.c.ClusterProtocolHeartbeater Heartbeat created at 2018-04-04 08:07:33,347 and sent to nifisetuptwo:9999 at 2018-04-04 08:07:33,353; send took 5 millis
2018-04-04 08:07:38,358 INFO [Clustering Tasks Thread-3] o.a.n.c.c.ClusterProtocolHeartbeater Heartbeat created at 2018-04-04 08:07:38,353 and sent to nifisetuptwo:9999 at 2018-04-04 08:07:38,358; send took 5 millis
2018-04-04 08:07:38,603 INFO [pool-12-thread-1] o.a.n.c.r.WriteAheadFlowFileRepository Initiating checkpoint of FlowFile Repository
2018-04-04 08:07:38,711 INFO [pool-12-thread-1] org.wali.MinimalLockingWriteAheadLog org.wali.MinimalLockingWriteAheadLog@c8293cb checkpointed with 0 Records and 0 Swap Files in 107 milliseconds (Stop-the-world time = 38 milliseconds, Clear Edit Logs time = 32 millis), max Transaction ID 48561
2018-04-04 08:07:38,711 INFO [pool-12-thread-1] o.a.n.c.r.WriteAheadFlowFileRepository Successfully checkpointed FlowFile Repository with 0 records in 107 milliseconds
2018-04-04 08:07:43,364 INFO [Clustering Tasks Thread-3] o.a.n.c.c.ClusterProtocolHeartbeater Heartbeat created at 2018-04-04 08:07:43,358 and sent to nifisetuptwo:9999 at 2018-04-04 08:07:43,364; send took 5 millis
2018-04-04 08:07:48,370 INFO [Clustering Tasks Thread-3] o.a.n.c.c.ClusterProtocolHeartbeater Heartbeat created at 2018-04-04 08:07:48,364 and sent to nifisetuptwo:9999 at 2018-04-04 08:07:48,370; send took 5 millis
2018-04-04 08:07:53,376 INFO [Clustering Tasks Thread-3] o.a.n.c.c.ClusterProtocolHeartbeater Heartbeat created at 2018-04-04 08:07:53,370 and sent to nifisetuptwo:9999 at 2018-04-04 08:07:53,376; send took 5 millis
2018-04-04 08:07:58,381 INFO [Clustering Tasks Thread-3] o.a.n.c.c.ClusterProtocolHeartbeater Heartbeat created at 2018-04-04 08:07:58,376 and sent to nifisetuptwo:9999 at 2018-04-04 08:07:58,381; send took 5 millis
2018-04-04 08:08:03,386 INFO [Clustering Tasks Thread-3] o.a.n.c.c.ClusterProtocolHeartbeater Heartbeat created at 2018-04-04 08:08:03,381 and sent to nifisetuptwo:9999 at 2018-04-04 08:08:03,386; send took 4 millis
2018-04-04 08:08:08,392 INFO [Clustering Tasks Thread-3] o.a.n.c.c.ClusterProtocolHeartbeater Heartbeat created at 2018-04-04 08:08:08,386 and sent to nifisetuptwo:9999 at 2018-04-04 08:08:08,392; send took 5 millis
2018-04-04 08:08:13,397 INFO [Clustering Tasks Thread-3] o.a.n.c.c.ClusterProtocolHeartbeater Heartbeat created at 2018-04-04 08:08:13,392 and sent to nifisetuptwo:9999 at 2018-04-04 08:08:13,397; send took 5 millis
2018-04-04 08:08:18,402 INFO [Clustering Tasks Thread-3] o.a.n.c.c.ClusterProtocolHeartbeater Heartbeat created at 2018-04-04 08:08:18,397 and sent to nifisetuptwo:9999 at 2018-04-04 08:08:18,402; send took 4 millis
2018-04-04 08:08:23,408 INFO [Clustering Tasks Thread-3] o.a.n.c.c.ClusterProtocolHeartbeater Heartbeat created at 2018-04-04 08:08:23,403 and sent to nifisetuptwo:9999 at 2018-04-04 08:08:23,408; send took 5 millis
2018-04-04 08:08:28,375 INFO [Write-Ahead Local State Provider Maintenance] org.wali.MinimalLockingWriteAheadLog org.wali.MinimalLockingWriteAheadLog@56ed2baf checkpointed with 61 Records and 0 Swap Files in 301 milliseconds (Stop-the-world time = 2 milliseconds, Clear Edit Logs time = 1 millis), max Transaction ID 137
2018-04-04 08:08:28,414 INFO [Clustering Tasks Thread-3] o.a.n.c.c.ClusterProtocolHeartbeater Heartbeat created at 2018-04-04 08:08:28,409 and sent to nifisetuptwo:9999 at 2018-04-04 08:08:28,414; send took 4 millis
2018-04-04 08:08:33,419 INFO [Clustering Tasks Thread-3] o.a.n.c.c.ClusterProtocolHeartbeater Heartbeat created at 2018-04-04 08:08:33,414 and sent to nifisetuptwo:9999 at 2018-04-04 08:08:33,419; send took 5 millis
2018-04-04 08:08:38,425 INFO [Clustering Tasks Thread-3] o.a.n.c.c.ClusterProtocolHeartbeater Heartbeat created at 2018-04-04 08:08:38,420 and sent to nifisetuptwo:9999 at 2018-04-04 08:08:38,425; send took 5 millis
2018-04-04 08:08:43,430 INFO [Clustering Tasks Thread-3] o.a.n.c.c.ClusterProtocolHeartbeater Heartbeat created at 2018-04-04 08:08:43,425 and sent to nifisetuptwo:9999 at 2018-04-04 08:08:43,430; send took 5 millis
2018-04-04 08:08:48,436 INFO [Clustering Tasks Thread-3] o.a.n.c.c.ClusterProtocolHeartbeater Heartbeat created at 2018-04-04 08:08:48,431 and sent to nifisetuptwo:9999 at 2018-04-04 08:08:48,436; send took 4 millis
2018-04-04 08:08:53,441 INFO [Clustering Tasks Thread-3] o.a.n.c.c.ClusterProtocolHeartbeater Heartbeat created at 2018-04-04 08:08:53,436 and sent to nifisetuptwo:9999 at 2018-04-04 08:08:53,441; send took 5 millis
2018-04-04 08:08:58,451 INFO [Clustering Tasks Thread-3] o.a.n.c.c.ClusterProtocolHeartbeater Heartbeat created at 2018-04-04 08:08:58,442 and sent to nifisetuptwo:9999 at 2018-04-04 08:08:58,451; send took 8 millis
2018-04-04 08:09:03,455 INFO [Clustering Tasks Thread-3] o.a.n.c.c.ClusterProtocolHeartbeater Heartbeat created at 2018-04-04 08:09:03,451 and sent to nifisetuptwo:9999 at 2018-04-04 08:09:03,455; send took 4 millis
2018-04-04 08:09:08,461 INFO [Clustering Tasks Thread-3] o.a.n.c.c.ClusterProtocolHeartbeater Heartbeat created at 2018-04-04 08:09:08,455 and sent to nifisetuptwo:9999 at 2018-04-04 08:09:08,461; send took 5 millis
2018-04-04 08:09:13,466 INFO [Clustering Tasks Thread-3] o.a.n.c.c.ClusterProtocolHeartbeater Heartbeat created at 2018-04-04 08:09:13,461 and sent to nifisetuptwo:9999 at 2018-04-04 08:09:13,466; send took 4 millis
2018-04-04 08:09:18,471 INFO [Clustering Tasks Thread-3] o.a.n.c.c.ClusterProtocolHeartbeater Heartbeat created at 2018-04-04 08:09:18,466 and sent to nifisetuptwo:9999 at 2018-04-04 08:09:18,471; send took 5 millis
2018-04-04 08:09:23,477 INFO [Clustering Tasks Thread-3] o.a.n.c.c.ClusterProtocolHeartbeater Heartbeat created at 2018-04-04 08:09:23,472 and sent to nifisetuptwo:9999 at 2018-04-04 08:09:23,477; send took 5 millis
2018-04-04 08:09:28,482 INFO [Clustering Tasks Thread-3] o.a.n.c.c.ClusterProtocolHeartbeater Heartbeat created at 2018-04-04 08:09:28,477 and sent to nifisetuptwo:9999 at 2018-04-04 08:09:28,482; send took 4 millis
2018-04-04 08:09:33,488 INFO [Clustering Tasks Thread-3] o.a.n.c.c.ClusterProtocolHeartbeater Heartbeat created at 2018-04-04 08:09:33,482 and sent to nifisetuptwo:9999 at 2018-04-04 08:09:33,488; send took 5 millis
2018-04-04 08:09:38,493 INFO [Clustering Tasks Thread-3] o.a.n.c.c.ClusterProtocolHeartbeater Heartbeat created at 2018-04-04 08:09:38,488 and sent to nifisetuptwo:9999 at 2018-04-04 08:09:38,493; send took 4 millis
2018-04-04 08:09:38,711 INFO [pool-12-thread-1] o.a.n.c.r.WriteAheadFlowFileRepository Initiating checkpoint of FlowFile Repository
2018-04-04 08:09:38,819 INFO [pool-12-thread-1] org.wali.MinimalLockingWriteAheadLog org.wali.MinimalLockingWriteAheadLog@c8293cb checkpointed with 0 Records and 0 Swap Files in 108 milliseconds (Stop-the-world time = 40 milliseconds, Clear Edit Logs time = 41 millis), max Transaction ID 48561
2018-04-04 08:09:38,819 INFO [pool-12-thread-1] o.a.n.c.r.WriteAheadFlowFileRepository Successfully checkpointed FlowFile Repository with 0 records in 108 milliseconds
2018-04-04 08:09:43,499 INFO [Clustering Tasks Thread-3] o.a.n.c.c.ClusterProtocolHeartbeater Heartbeat created at 2018-04-04 08:09:43,493 and sent to nifisetuptwo:9999 at 2018-04-04 08:09:43,499; send took 5 millis
2018-04-04 08:09:48,505 INFO [Clustering Tasks Thread-3] o.a.n.c.c.ClusterProtocolHeartbeater Heartbeat created at 2018-04-04 08:09:48,499 and sent to nifisetuptwo:9999 at 2018-04-04 08:09:48,505; send took 5 millis
2018-04-04 08:09:53,510 INFO [Clustering Tasks Thread-3] o.a.n.c.c.ClusterProtocolHeartbeater Heartbeat created at 2018-04-04 08:09:53,505 and sent to nifisetuptwo:9999 at 2018-04-04 08:09:53,510; send took 5 millis
2018-04-04 08:09:58,516 INFO [Clustering Tasks Thread-3] o.a.n.c.c.ClusterProtocolHeartbeater Heartbeat created at 2018-04-04 08:09:58,511 and sent to nifisetuptwo:9999 at 2018-04-04 08:09:58,516; send took 5 millis
2018-04-04 08:10:03,520 INFO [Clustering Tasks Thread-3] o.a.n.c.c.ClusterProtocolHeartbeater Heartbeat created at 2018-04-04 08:10:03,516 and sent to nifisetuptwo:9999 at 2018-04-04 08:10:03,520; send took 3 millis
2018-04-04 08:10:08,525 INFO [Clustering Tasks Thread-3] o.a.n.c.c.ClusterProtocolHeartbeater Heartbeat created at 2018-04-04 08:10:08,521 and sent to nifisetuptwo:9999 at 2018-04-04 08:10:08,525; send took 4 millis
2018-04-04 08:10:13,530 INFO [Clustering Tasks Thread-3] o.a.n.c.c.ClusterProtocolHeartbeater Heartbeat created at 2018-04-04 08:10:13,526 and sent to nifisetuptwo:9999 at 2018-04-04 08:10:13,530; send took 4 millis
2018-04-04 08:10:18,536 INFO [Clustering Tasks Thread-3] o.a.n.c.c.ClusterProtocolHeartbeater Heartbeat created at 2018-04-04 08:10:18,531 and sent to nifisetuptwo:9999 at 2018-04-04 08:10:18,536; send took 4 millis
2018-04-04 08:10:23,541 INFO [Clustering Tasks Thread-3] o.a.n.c.c.ClusterProtocolHeartbeater Heartbeat created at 2018-04-04 08:10:23,536 and sent to nifisetuptwo:9999 at 2018-04-04 08:10:23,541; send took 5 millis
2018-04-04 08:10:28,525 INFO [Write-Ahead Local State Provider Maintenance] org.wali.MinimalLockingWriteAheadLog org.wali.MinimalLockingWriteAheadLog@56ed2baf checkpointed with 61 Records and 0 Swap Files in 150 milliseconds (Stop-the-world time = 2 milliseconds, Clear Edit Logs time = 1 millis), max Transaction ID 137
2018-04-04 08:10:28,547 INFO [Clustering Tasks Thread-3] o.a.n.c.c.ClusterProtocolHeartbeater Heartbeat created at 2018-04-04 08:10:28,541 and sent to nifisetuptwo:9999 at 2018-04-04 08:10:28,547; send took 5 millis
2018-04-04 08:10:33,552 INFO [Clustering Tasks Thread-3] o.a.n.c.c.ClusterProtocolHeartbeater Heartbeat created at 2018-04-04 08:10:33,547 and sent to nifisetuptwo:9999 at 2018-04-04 08:10:33,552; send took 4 millis
2018-04-04 08:10:38,557 INFO [Clustering Tasks Thread-3] o.a.n.c.c.ClusterProtocolHeartbeater Heartbeat created at 2018-04-04 08:10:38,552 and sent to nifisetuptwo:9999 at 2018-04-04 08:10:38,557; send took 5 millis
2018-04-04 08:10:43,563 INFO [Clustering Tasks Thread-3] o.a.n.c.c.ClusterProtocolHeartbeater Heartbeat created at 2018-04-04 08:10:43,558 and sent to nifisetuptwo:9999 at 2018-04-04 08:10:43,563; send took 5 millis
2018-04-04 08:10:48,568 INFO [Clustering Tasks Thread-3] o.a.n.c.c.ClusterProtocolHeartbeater Heartbeat created at 2018-04-04 08:10:48,563 and sent to nifisetuptwo:9999 at 2018-04-04 08:10:48,568; send took 4 millis
2018-04-04 08:10:53,574 INFO [Clustering Tasks Thread-3] o.a.n.c.c.ClusterProtocolHeartbeater Heartbeat created at 2018-04-04 08:10:53,568 and sent to nifisetuptwo:9999 at 2018-04-04 08:10:53,574; send took 5 millis
2018-04-04 08:10:58,580 INFO [Clustering Tasks Thread-3] o.a.n.c.c.ClusterProtocolHeartbeater Heartbeat created at 2018-04-04 08:10:58,574 and sent to nifisetuptwo:9999 at 2018-04-04 08:10:58,580; send took 5 millis
2018-04-04 08:11:03,585 INFO [Clustering Tasks Thread-3] o.a.n.c.c.ClusterProtocolHeartbeater Heartbeat created at 2018-04-04 08:11:03,580 and sent to nifisetuptwo:9999 at 2018-04-04 08:11:03,585; send took 4 millis
2018-04-04 08:11:08,590 INFO [Clustering Tasks Thread-3] o.a.n.c.c.ClusterProtocolHeartbeater Heartbeat created at 2018-04-04 08:11:08,585 and sent to nifisetuptwo:9999 at 2018-04-04 08:11:08,590; send took 4 millis
2018-04-04 08:11:13,595 INFO [Clustering Tasks Thread-3] o.a.n.c.c.ClusterProtocolHeartbeater Heartbeat created at 2018-04-04 08:11:13,590 and sent to nifisetuptwo:9999 at 2018-04-04 08:11:13,595; send took 5 millis
2018-04-04 08:11:18,601 INFO [Clustering Tasks Thread-3] o.a.n.c.c.ClusterProtocolHeartbeater Heartbeat created at 2018-04-04 08:11:18,596 and sent to nifisetuptwo:9999 at 2018-04-04 08:11:18,601; send took 5 millis
2018-04-04 08:11:23,607 INFO [Clustering Tasks Thread-3] o.a.n.c.c.ClusterProtocolHeartbeater Heartbeat created at 2018-04-04 08:11:23,601 and sent to nifisetuptwo:9999 at 2018-04-04 08:11:23,607; send took 5 millis
2018-04-04 08:11:28,612 INFO [Clustering Tasks Thread-3] o.a.n.c.c.ClusterProtocolHeartbeater Heartbeat created at 2018-04-04 08:11:28,607 and sent to nifisetuptwo:9999 at 2018-04-04 08:11:28,612; send took 5 millis
2018-04-04 08:11:33,617 INFO [Clustering Tasks Thread-3] o.a.n.c.c.ClusterProtocolHeartbeater Heartbeat created at 2018-04-04 08:11:33,612 and sent to nifisetuptwo:9999 at 2018-04-04 08:11:33,617; send took 4 millis
2018-04-04 08:11:38,623 INFO [Clustering Tasks Thread-3] o.a.n.c.c.ClusterProtocolHeartbeater Heartbeat created at 2018-04-04 08:11:38,618 and sent to nifisetuptwo:9999 at 2018-04-04 08:11:38,623; send took 5 millis
2018-04-04 08:11:38,819 INFO [pool-12-thread-1] o.a.n.c.r.WriteAheadFlowFileRepository Initiating checkpoint of FlowFile Repository
2018-04-04 08:11:38,915 INFO [pool-12-thread-1] org.wali.MinimalLockingWriteAheadLog org.wali.MinimalLockingWriteAheadLog@c8293cb checkpointed with 0 Records and 0 Swap Files in 95 milliseconds (Stop-the-world time = 43 milliseconds, Clear Edit Logs time = 29 millis), max Transaction ID 48561
2018-04-04 08:11:38,915 INFO [pool-12-thread-1] o.a.n.c.r.WriteAheadFlowFileRepository Successfully checkpointed FlowFile Repository with 0 records in 95 milliseconds
2018-04-04 08:11:43,629 INFO [Clustering Tasks Thread-3] o.a.n.c.c.ClusterProtocolHeartbeater Heartbeat created at 2018-04-04 08:11:43,623 and sent to nifisetuptwo:9999 at 2018-04-04 08:11:43,629; send took 5 millis
2018-04-04 08:11:48,634 INFO [Clustering Tasks Thread-3] o.a.n.c.c.ClusterProtocolHeartbeater Heartbeat created at 2018-04-04 08:11:48,629 and sent to nifisetuptwo:9999 at 2018-04-04 08:11:48,634; send took 5 millis
2018-04-04 08:11:53,640 INFO [Clustering Tasks Thread-3] o.a.n.c.c.ClusterProtocolHeartbeater Heartbeat created at 2018-04-04 08:11:53,635 and sent to nifisetuptwo:9999 at 2018-04-04 08:11:53,640; send took 5 millis
2018-04-04 08:11:58,645 INFO [Clustering Tasks Thread-3] o.a.n.c.c.ClusterProtocolHeartbeater Heartbeat created at 2018-04-04 08:11:58,640 and sent to nifisetuptwo:9999 at 2018-04-04 08:11:58,645; send took 5 millis
2018-04-04 08:12:03,652 INFO [Clustering Tasks Thread-3] o.a.n.c.c.ClusterProtocolHeartbeater Heartbeat created at 2018-04-04 08:12:03,646 and sent to nifisetuptwo:9999 at 2018-04-04 08:12:03,652; send took 6 millis
2018-04-04 08:12:08,657 INFO [Clustering Tasks Thread-3] o.a.n.c.c.ClusterProtocolHeartbeater Heartbeat created at 2018-04-04 08:12:08,652 and sent to nifisetuptwo:9999 at 2018-04-04 08:12:08,657; send took 4 millis
2018-04-04 08:12:13,662 INFO [Clustering Tasks Thread-3] o.a.n.c.c.ClusterProtocolHeartbeater Heartbeat created at 2018-04-04 08:12:13,657 and sent to nifisetuptwo:9999 at 2018-04-04 08:12:13,662; send took 5 millis
2018-04-04 08:12:18,668 INFO [Clustering Tasks Thread-3] o.a.n.c.c.ClusterProtocolHeartbeater Heartbeat created at 2018-04-04 08:12:18,663 and sent to nifisetuptwo:9999 at 2018-04-04 08:12:18,668; send took 5 millis
2018-04-04 08:12:23,673 INFO [Clustering Tasks Thread-3] o.a.n.c.c.ClusterProtocolHeartbeater Heartbeat created at 2018-04-04 08:12:23,668 and sent to nifisetuptwo:9999 at 2018-04-04 08:12:23,673; send took 5 millis
2018-04-04 08:12:28,676 INFO [Write-Ahead Local State Provider Maintenance] org.wali.MinimalLockingWriteAheadLog org.wali.MinimalLockingWriteAheadLog@56ed2baf checkpointed with 61 Records and 0 Swap Files in 150 milliseconds (Stop-the-world time = 1 milliseconds, Clear Edit Logs time = 2 millis), max Transaction ID 137
2018-04-04 08:12:28,679 INFO [Clustering Tasks Thread-3] o.a.n.c.c.ClusterProtocolHeartbeater Heartbeat created at 2018-04-04 08:12:28,674 and sent to nifisetuptwo:9999 at 2018-04-04 08:12:28,679; send took 5 millis
2018-04-04 08:12:33,686 INFO [Clustering Tasks Thread-3] o.a.n.c.c.ClusterProtocolHeartbeater Heartbeat created at 2018-04-04 08:12:33,680 and sent to nifisetuptwo:9999 at 2018-04-04 08:12:33,686; send took 6 millis
2018-04-04 08:12:38,691 INFO [Clustering Tasks Thread-3] o.a.n.c.c.ClusterProtocolHeartbeater Heartbeat created at 2018-04-04 08:12:38,686 and sent to nifisetuptwo:9999 at 2018-04-04 08:12:38,691; send took 5 millis
2018-04-04 08:12:43,697 INFO [Clustering Tasks Thread-3] o.a.n.c.c.ClusterProtocolHeartbeater Heartbeat created at 2018-04-04 08:12:43,692 and sent to nifisetuptwo:9999 at 2018-04-04 08:12:43,697; send took 5 millis
2018-04-04 08:12:48,703 INFO [Clustering Tasks Thread-3] o.a.n.c.c.ClusterProtocolHeartbeater Heartbeat created at 2018-04-04 08:12:48,697 and sent to nifisetuptwo:9999 at 2018-04-04 08:12:48,703; send took 5 millis
2018-04-04 08:12:53,709 INFO [Clustering Tasks Thread-3] o.a.n.c.c.ClusterProtocolHeartbeater Heartbeat created at 2018-04-04 08:12:53,703 and sent to nifisetuptwo:9999 at 2018-04-04 08:12:53,709; send took 5 millis
2018-04-04 08:12:58,714 INFO [Clustering Tasks Thread-3] o.a.n.c.c.ClusterProtocolHeartbeater Heartbeat created at 2018-04-04 08:12:58,709 and sent to nifisetuptwo:9999 at 2018-04-04 08:12:58,714; send took 5 millis
2018-04-04 08:13:03,720 INFO [Clustering Tasks Thread-3] o.a.n.c.c.ClusterProtocolHeartbeater Heartbeat created at 2018-04-04 08:13:03,715 and sent to nifisetuptwo:9999 at 2018-04-04 08:13:03,720; send took 4 millis
2018-04-04 08:13:08,726 INFO [Clustering Tasks Thread-3] o.a.n.c.c.ClusterProtocolHeartbeater Heartbeat created at 2018-04-04 08:13:08,720 and sent to nifisetuptwo:9999 at 2018-04-04 08:13:08,726; send took 5 millis
2018-04-04 08:13:13,732 INFO [Clustering Tasks Thread-3] o.a.n.c.c.ClusterProtocolHeartbeater Heartbeat created at 2018-04-04 08:13:13,726 and sent to nifisetuptwo:9999 at 2018-04-04 08:13:13,732; send took 6 millis
2018-04-04 08:13:18,738 INFO [Clustering Tasks Thread-3] o.a.n.c.c.ClusterProtocolHeartbeater Heartbeat created at 2018-04-04 08:13:18,733 and sent to nifisetuptwo:9999 at 2018-04-04 08:13:18,738; send took 5 millis
2018-04-04 08:13:23,745 INFO [Clustering Tasks Thread-3] o.a.n.c.c.ClusterProtocolHeartbeater Heartbeat created at 2018-04-04 08:13:23,738 and sent to nifisetuptwo:9999 at 2018-04-04 08:13:23,745; send took 6 millis
2018-04-04 08:13:28,750 INFO [Clustering Tasks Thread-3] o.a.n.c.c.ClusterProtocolHeartbeater Heartbeat created at 2018-04-04 08:13:28,745 and sent to nifisetuptwo:9999 at 2018-04-04 08:13:28,750; send took 5 millis
2018-04-04 08:13:33,756 INFO [Clustering Tasks Thread-3] o.a.n.c.c.ClusterProtocolHeartbeater Heartbeat created at 2018-04-04 08:13:33,751 and sent to nifisetuptwo:9999 at 2018-04-04 08:13:33,756; send took 5 millis
2018-04-04 08:13:38,762 INFO [Clustering Tasks Thread-3] o.a.n.c.c.ClusterProtocolHeartbeater Heartbeat created at 2018-04-04 08:13:38,757 and sent to nifisetuptwo:9999 at 2018-04-04 08:13:38,762; send took 4 millis
2018-04-04 08:13:38,915 INFO [pool-12-thread-1] o.a.n.c.r.WriteAheadFlowFileRepository Initiating checkpoint of FlowFile Repository
2018-04-04 08:13:39,053 INFO [pool-12-thread-1] org.wali.MinimalLockingWriteAheadLog org.wali.MinimalLockingWriteAheadLog@c8293cb checkpointed with 0 Records and 0 Swap Files in 137 milliseconds (Stop-the-world time = 43 milliseconds, Clear Edit Logs time = 32 millis), max Transaction ID 48561
2018-04-04 08:13:39,053 INFO [pool-12-thread-1] o.a.n.c.r.WriteAheadFlowFileRepository Successfully checkpointed FlowFile Repository with 0 records in 137 milliseconds
2018-04-04 08:13:43,768 INFO [Clustering Tasks Thread-3] o.a.n.c.c.ClusterProtocolHeartbeater Heartbeat created at 2018-04-04 08:13:43,762 and sent to nifisetuptwo:9999 at 2018-04-04 08:13:43,768; send took 5 millis
2018-04-04 08:13:48,773 INFO [Clustering Tasks Thread-3] o.a.n.c.c.ClusterProtocolHeartbeater Heartbeat created at 2018-04-04 08:13:48,768 and sent to nifisetuptwo:9999 at 2018-04-04 08:13:48,773; send took 5 millis
2018-04-04 08:13:53,780 INFO [Clustering Tasks Thread-3] o.a.n.c.c.ClusterProtocolHeartbeater Heartbeat created at 2018-04-04 08:13:53,774 and sent to nifisetuptwo:9999 at 2018-04-04 08:13:53,780; send took 6 millis
2018-04-04 08:13:58,786 INFO [Clustering Tasks Thread-3] o.a.n.c.c.ClusterProtocolHeartbeater Heartbeat created at 2018-04-04 08:13:58,780 and sent to nifisetuptwo:9999 at 2018-04-04 08:13:58,786; send took 5 millis
2018-04-04 08:14:03,791 INFO [Clustering Tasks Thread-3] o.a.n.c.c.ClusterProtocolHeartbeater Heartbeat created at 2018-04-04 08:14:03,786 and sent to nifisetuptwo:9999 at 2018-04-04 08:14:03,791; send took 5 millis
2018-04-04 08:14:08,797 INFO [Clustering Tasks Thread-3] o.a.n.c.c.ClusterProtocolHeartbeater Heartbeat created at 2018-04-04 08:14:08,792 and sent to nifisetuptwo:9999 at 2018-04-04 08:14:08,797; send took 5 millis
2018-04-04 08:14:13,803 INFO [Clustering Tasks Thread-3] o.a.n.c.c.ClusterProtocolHeartbeater Heartbeat created at 2018-04-04 08:14:13,797 and sent to nifisetuptwo:9999 at 2018-04-04 08:14:13,803; send took 5 millis
2018-04-04 08:14:18,808 INFO [Clustering Tasks Thread-3] o.a.n.c.c.ClusterProtocolHeartbeater Heartbeat created at 2018-04-04 08:14:18,803 and sent to nifisetuptwo:9999 at 2018-04-04 08:14:18,808; send took 4 millis
2018-04-04 08:14:23,814 INFO [Clustering Tasks Thread-3] o.a.n.c.c.ClusterProtocolHeartbeater Heartbeat created at 2018-04-04 08:14:23,808 and sent to nifisetuptwo:9999 at 2018-04-04 08:14:23,814; send took 5 millis
2018-04-04 08:14:28,690 INFO [Write-Ahead Local State Provider Maintenance] org.wali.MinimalLockingWriteAheadLog org.wali.MinimalLockingWriteAheadLog@56ed2baf checkpointed with 61 Records and 0 Swap Files in 14 milliseconds (Stop-the-world time = 2 milliseconds, Clear Edit Logs time = 2 millis), max Transaction ID 137
2018-04-04 08:14:28,820 INFO [Clustering Tasks Thread-3] o.a.n.c.c.ClusterProtocolHeartbeater Heartbeat created at 2018-04-04 08:14:28,815 and sent to nifisetuptwo:9999 at 2018-04-04 08:14:28,820; send took 5 millis
2018-04-04 08:14:33,826 INFO [Clustering Tasks Thread-3] o.a.n.c.c.ClusterProtocolHeartbeater Heartbeat created at 2018-04-04 08:14:33,820 and sent to nifisetuptwo:9999 at 2018-04-04 08:14:33,826; send took 5 millis
2018-04-04 08:14:38,832 INFO [Clustering Tasks Thread-3] o.a.n.c.c.ClusterProtocolHeartbeater Heartbeat created at 2018-04-04 08:14:38,826 and sent to nifisetuptwo:9999 at 2018-04-04 08:14:38,832; send took 6 millis
2018-04-04 08:14:43,838 INFO [Clustering Tasks Thread-3] o.a.n.c.c.ClusterProtocolHeartbeater Heartbeat created at 2018-04-04 08:14:43,832 and sent to nifisetuptwo:9999 at 2018-04-04 08:14:43,838; send took 5 millis
2018-04-04 08:14:48,842 INFO [Clustering Tasks Thread-3] o.a.n.c.c.ClusterProtocolHeartbeater Heartbeat created at 2018-04-04 08:14:48,838 and sent to nifisetuptwo:9999 at 2018-04-04 08:14:48,842; send took 4 millis
2018-04-04 08:14:53,849 INFO [Clustering Tasks Thread-3] o.a.n.c.c.ClusterProtocolHeartbeater Heartbeat created at 2018-04-04 08:14:53,843 and sent to nifisetuptwo:9999 at 2018-04-04 08:14:53,849; send took 5 millis
2018-04-04 08:14:58,855 INFO [Clustering Tasks Thread-3] o.a.n.c.c.ClusterProtocolHeartbeater Heartbeat created at 2018-04-04 08:14:58,850 and sent to nifisetuptwo:9999 at 2018-04-04 08:14:58,855; send took 5 millis
2018-04-04 08:15:03,861 INFO [Clustering Tasks Thread-3] o.a.n.c.c.ClusterProtocolHeartbeater Heartbeat created at 2018-04-04 08:15:03,855 and sent to nifisetuptwo:9999 at 2018-04-04 08:15:03,861; send took 6 millis
2018-04-04 08:15:08,866 INFO [Clustering Tasks Thread-3] o.a.n.c.c.ClusterProtocolHeartbeater Heartbeat created at 2018-04-04 08:15:08,861 and sent to nifisetuptwo:9999 at 2018-04-04 08:15:08,866; send took 5 millis
2018-04-04 08:15:13,871 INFO [Clustering Tasks Thread-3] o.a.n.c.c.ClusterProtocolHeartbeater Heartbeat created at 2018-04-04 08:15:13,867 and sent to nifisetuptwo:9999 at 2018-04-04 08:15:13,871; send took 4 millis
2018-04-04 08:15:18,876 INFO [Clustering Tasks Thread-3] o.a.n.c.c.ClusterProtocolHeartbeater Heartbeat created at 2018-04-04 08:15:18,872 and sent to nifisetuptwo:9999 at 2018-04-04 08:15:18,876; send took 4 millis
2018-04-04 08:15:23,882 INFO [Clustering Tasks Thread-3] o.a.n.c.c.ClusterProtocolHeartbeater Heartbeat created at 2018-04-04 08:15:23,876 and sent to nifisetuptwo:9999 at 2018-04-04 08:15:23,882; send took 5 millis
2018-04-04 08:15:28,887 INFO [Clustering Tasks Thread-3] o.a.n.c.c.ClusterProtocolHeartbeater Heartbeat created at 2018-04-04 08:15:28,882 and sent to nifisetuptwo:9999 at 2018-04-04 08:15:28,887; send took 4 millis
2018-04-04 08:15:33,892 INFO [Clustering Tasks Thread-3] o.a.n.c.c.ClusterProtocolHeartbeater Heartbeat created at 2018-04-04 08:15:33,887 and sent to nifisetuptwo:9999 at 2018-04-04 08:15:33,892; send took 4 millis
2018-04-04 08:15:38,897 INFO [Clustering Tasks Thread-3] o.a.n.c.c.ClusterProtocolHeartbeater Heartbeat created at 2018-04-04 08:15:38,892 and sent to nifisetuptwo:9999 at 2018-04-04 08:15:38,897; send took 4 millis
2018-04-04 08:15:39,053 INFO [pool-12-thread-1] o.a.n.c.r.WriteAheadFlowFileRepository Initiating checkpoint of FlowFile Repository
2018-04-04 08:15:39,152 INFO [pool-12-thread-1] org.wali.MinimalLockingWriteAheadLog org.wali.MinimalLockingWriteAheadLog@c8293cb checkpointed with 0 Records and 0 Swap Files in 98 milliseconds (Stop-the-world time = 46 milliseconds, Clear Edit Logs time = 29 millis), max Transaction ID 48561
2018-04-04 08:15:39,152 INFO [pool-12-thread-1] o.a.n.c.r.WriteAheadFlowFileRepository Successfully checkpointed FlowFile Repository with 0 records in 99 milliseconds
2018-04-04 08:15:43,903 INFO [Clustering Tasks Thread-3] o.a.n.c.c.ClusterProtocolHeartbeater Heartbeat created at 2018-04-04 08:15:43,897 and sent to nifisetuptwo:9999 at 2018-04-04 08:15:43,903; send took 5 millis
2018-04-04 08:15:48,909 INFO [Clustering Tasks Thread-3] o.a.n.c.c.ClusterProtocolHeartbeater Heartbeat created at 2018-04-04 08:15:48,903 and sent to nifisetuptwo:9999 at 2018-04-04 08:15:48,909; send took 5 millis
2018-04-04 08:15:53,915 INFO [Clustering Tasks Thread-3] o.a.n.c.c.ClusterProtocolHeartbeater Heartbeat created at 2018-04-04 08:15:53,909 and sent to nifisetuptwo:9999 at 2018-04-04 08:15:53,915; send took 6 millis
2018-04-04 08:15:58,920 INFO [Clustering Tasks Thread-3] o.a.n.c.c.ClusterProtocolHeartbeater Heartbeat created at 2018-04-04 08:15:58,915 and sent to nifisetuptwo:9999 at 2018-04-04 08:15:58,920; send took 4 millis
2018-04-04 08:16:03,927 INFO [Clustering Tasks Thread-3] o.a.n.c.c.ClusterProtocolHeartbeater Heartbeat created at 2018-04-04 08:16:03,920 and sent to nifisetuptwo:9999 at 2018-04-04 08:16:03,927; send took 6 millis
2018-04-04 08:16:08,933 INFO [Clustering Tasks Thread-3] o.a.n.c.c.ClusterProtocolHeartbeater Heartbeat created at 2018-04-04 08:16:08,927 and sent to nifisetuptwo:9999 at 2018-04-04 08:16:08,933; send took 5 millis
2018-04-04 08:16:13,938 INFO [Clustering Tasks Thread-3] o.a.n.c.c.ClusterProtocolHeartbeater Heartbeat created at 2018-04-04 08:16:13,933 and sent to nifisetuptwo:9999 at 2018-04-04 08:16:13,938; send took 5 millis
2018-04-04 08:16:18,943 INFO [Clustering Tasks Thread-3] o.a.n.c.c.ClusterProtocolHeartbeater Heartbeat created at 2018-04-04 08:16:18,938 and sent to nifisetuptwo:9999 at 2018-04-04 08:16:18,943; send took 4 millis
2018-04-04 08:16:23,987 INFO [Clustering Tasks Thread-3] o.a.n.c.c.ClusterProtocolHeartbeater Heartbeat created at 2018-04-04 08:16:23,951 and sent to nifisetuptwo:9999 at 2018-04-04 08:16:23,987; send took 35 millis
2018-04-04 08:16:28,704 INFO [Write-Ahead Local State Provider Maintenance] org.wali.MinimalLockingWriteAheadLog org.wali.MinimalLockingWriteAheadLog@56ed2baf checkpointed with 61 Records and 0 Swap Files in 13 milliseconds (Stop-the-world time = 1 milliseconds, Clear Edit Logs time = 1 millis), max Transaction ID 137
2018-04-04 08:16:28,993 INFO [Clustering Tasks Thread-3] o.a.n.c.c.ClusterProtocolHeartbeater Heartbeat created at 2018-04-04 08:16:28,987 and sent to nifisetuptwo:9999 at 2018-04-04 08:16:28,993; send took 5 millis
2018-04-04 08:16:33,998 INFO [Clustering Tasks Thread-3] o.a.n.c.c.ClusterProtocolHeartbeater Heartbeat created at 2018-04-04 08:16:33,993 and sent to nifisetuptwo:9999 at 2018-04-04 08:16:33,998; send took 4 millis
2018-04-04 08:16:39,003 INFO [Clustering Tasks Thread-3] o.a.n.c.c.ClusterProtocolHeartbeater Heartbeat created at 2018-04-04 08:16:38,998 and sent to nifisetuptwo:9999 at 2018-04-04 08:16:39,003; send took 4 millis
2018-04-04 08:16:44,008 INFO [Clustering Tasks Thread-3] o.a.n.c.c.ClusterProtocolHeartbeater Heartbeat created at 2018-04-04 08:16:44,003 and sent to nifisetuptwo:9999 at 2018-04-04 08:16:44,008; send took 4 millis
2018-04-04 08:16:49,016 INFO [Clustering Tasks Thread-3] o.a.n.c.c.ClusterProtocolHeartbeater Heartbeat created at 2018-04-04 08:16:49,009 and sent to nifisetuptwo:9999 at 2018-04-04 08:16:49,016; send took 6 millis
2018-04-04 08:16:54,023 INFO [Clustering Tasks Thread-3] o.a.n.c.c.ClusterProtocolHeartbeater Heartbeat created at 2018-04-04 08:16:54,016 and sent to nifisetuptwo:9999 at 2018-04-04 08:16:54,023; send took 6 millis
2018-04-04 08:16:59,029 INFO [Clustering Tasks Thread-3] o.a.n.c.c.ClusterProtocolHeartbeater Heartbeat created at 2018-04-04 08:16:59,023 and sent to nifisetuptwo:9999 at 2018-04-04 08:16:59,029; send took 5 millis
2018-04-04 08:17:04,034 INFO [Clustering Tasks Thread-3] o.a.n.c.c.ClusterProtocolHeartbeater Heartbeat created at 2018-04-04 08:17:04,029 and sent to nifisetuptwo:9999 at 2018-04-04 08:17:04,034; send took 5 millis
2018-04-04 08:17:09,040 INFO [Clustering Tasks Thread-3] o.a.n.c.c.ClusterProtocolHeartbeater Heartbeat created at 2018-04-04 08:17:09,034 and sent to nifisetuptwo:9999 at 2018-04-04 08:17:09,040; send took 5 millis
2018-04-04 08:17:14,046 INFO [Clustering Tasks Thread-3] o.a.n.c.c.ClusterProtocolHeartbeater Heartbeat created at 2018-04-04 08:17:14,040 and sent to nifisetuptwo:9999 at 2018-04-04 08:17:14,046; send took 5 millis
2018-04-04 08:17:19,051 INFO [Clustering Tasks Thread-3] o.a.n.c.c.ClusterProtocolHeartbeater Heartbeat created at 2018-04-04 08:17:19,046 and sent to nifisetuptwo:9999 at 2018-04-04 08:17:19,051; send took 4 millis
2018-04-04 08:17:24,069 INFO [Clustering Tasks Thread-3] o.a.n.c.c.ClusterProtocolHeartbeater Heartbeat created at 2018-04-04 08:17:24,051 and sent to nifisetuptwo:9999 at 2018-04-04 08:17:24,069; send took 18 millis
2018-04-04 08:17:29,075 INFO [Clustering Tasks Thread-3] o.a.n.c.c.ClusterProtocolHeartbeater Heartbeat created at 2018-04-04 08:17:29,070 and sent to nifisetuptwo:9999 at 2018-04-04 08:17:29,075; send took 5 millis
2018-04-04 08:17:34,080 INFO [Clustering Tasks Thread-3] o.a.n.c.c.ClusterProtocolHeartbeater Heartbeat created at 2018-04-04 08:17:34,075 and sent to nifisetuptwo:9999 at 2018-04-04 08:17:34,080; send took 5 millis
2018-04-04 08:17:39,086 INFO [Clustering Tasks Thread-3] o.a.n.c.c.ClusterProtocolHeartbeater Heartbeat created at 2018-04-04 08:17:39,081 and sent to nifisetuptwo:9999 at 2018-04-04 08:17:39,086; send took 5 millis
2018-04-04 08:17:39,152 INFO [pool-12-thread-1] o.a.n.c.r.WriteAheadFlowFileRepository Initiating checkpoint of FlowFile Repository
2018-04-04 08:17:39,301 INFO [pool-12-thread-1] org.wali.MinimalLockingWriteAheadLog org.wali.MinimalLockingWriteAheadLog@c8293cb checkpointed with 0 Records and 0 Swap Files in 149 milliseconds (Stop-the-world time = 40 milliseconds, Clear Edit Logs time = 29 millis), max Transaction ID 48561
2018-04-04 08:17:39,302 INFO [pool-12-thread-1] o.a.n.c.r.WriteAheadFlowFileRepository Successfully checkpointed FlowFile Repository with 0 records in 149 milliseconds
2018-04-04 08:17:44,092 INFO [Clustering Tasks Thread-3] o.a.n.c.c.ClusterProtocolHeartbeater Heartbeat created at 2018-04-04 08:17:44,086 and sent to nifisetuptwo:9999 at 2018-04-04 08:17:44,092; send took 5 millis
2018-04-04 08:17:49,097 INFO [Clustering Tasks Thread-3] o.a.n.c.c.ClusterProtocolHeartbeater Heartbeat created at 2018-04-04 08:17:49,092 and sent to nifisetuptwo:9999 at 2018-04-04 08:17:49,097; send took 5 millis
2018-04-04 08:17:54,103 INFO [Clustering Tasks Thread-3] o.a.n.c.c.ClusterProtocolHeartbeater Heartbeat created at 2018-04-04 08:17:54,097 and sent to nifisetuptwo:9999 at 2018-04-04 08:17:54,103; send took 5 millis
2018-04-04 08:17:59,109 INFO [Clustering Tasks Thread-3] o.a.n.c.c.ClusterProtocolHeartbeater Heartbeat created at 2018-04-04 08:17:59,103 and sent to nifisetuptwo:9999 at 2018-04-04 08:17:59,109; send took 5 millis
2018-04-04 08:18:04,114 INFO [Clustering Tasks Thread-3] o.a.n.c.c.ClusterProtocolHeartbeater Heartbeat created at 2018-04-04 08:18:04,109 and sent to nifisetuptwo:9999 at 2018-04-04 08:18:04,114; send took 4 millis
2018-04-04 08:18:09,119 INFO [Clustering Tasks Thread-3] o.a.n.c.c.ClusterProtocolHeartbeater Heartbeat created at 2018-04-04 08:18:09,114 and sent to nifisetuptwo:9999 at 2018-04-04 08:18:09,119; send took 5 millis
2018-04-04 08:18:14,125 INFO [Clustering Tasks Thread-3] o.a.n.c.c.ClusterProtocolHeartbeater Heartbeat created at 2018-04-04 08:18:14,120 and sent to nifisetuptwo:9999 at 2018-04-04 08:18:14,125; send took 4 millis
2018-04-04 08:18:19,131 INFO [Clustering Tasks Thread-3] o.a.n.c.c.ClusterProtocolHeartbeater Heartbeat created at 2018-04-04 08:18:19,125 and sent to nifisetuptwo:9999 at 2018-04-04 08:18:19,131; send took 6 millis
2018-04-04 08:18:24,155 INFO [Clustering Tasks Thread-3] o.a.n.c.c.ClusterProtocolHeartbeater Heartbeat created at 2018-04-04 08:18:24,132 and sent to nifisetuptwo:9999 at 2018-04-04 08:18:24,155; send took 23 millis
2018-04-04 08:18:28,717 INFO [Write-Ahead Local State Provider Maintenance] org.wali.MinimalLockingWriteAheadLog org.wali.MinimalLockingWriteAheadLog@56ed2baf checkpointed with 61 Records and 0 Swap Files in 12 milliseconds (Stop-the-world time = 2 milliseconds, Clear Edit Logs time = 1 millis), max Transaction ID 137
2018-04-04 08:18:29,160 INFO [Clustering Tasks Thread-3] o.a.n.c.c.ClusterProtocolHeartbeater Heartbeat created at 2018-04-04 08:18:29,155 and sent to nifisetuptwo:9999 at 2018-04-04 08:18:29,160; send took 4 millis
2018-04-04 08:18:34,165 INFO [Clustering Tasks Thread-3] o.a.n.c.c.ClusterProtocolHeartbeater Heartbeat created at 2018-04-04 08:18:34,161 and sent to nifisetuptwo:9999 at 2018-04-04 08:18:34,165; send took 4 millis
2018-04-04 08:18:39,171 INFO [Clustering Tasks Thread-3] o.a.n.c.c.ClusterProtocolHeartbeater Heartbeat created at 2018-04-04 08:18:39,165 and sent to nifisetuptwo:9999 at 2018-04-04 08:18:39,171; send took 5 millis
2018-04-04 08:18:44,177 INFO [Clustering Tasks Thread-3] o.a.n.c.c.ClusterProtocolHeartbeater Heartbeat created at 2018-04-04 08:18:44,172 and sent to nifisetuptwo:9999 at 2018-04-04 08:18:44,177; send took 5 millis
2018-04-04 08:18:49,183 INFO [Clustering Tasks Thread-3] o.a.n.c.c.ClusterProtocolHeartbeater Heartbeat created at 2018-04-04 08:18:49,177 and sent to nifisetuptwo:9999 at 2018-04-04 08:18:49,183; send took 5 millis
2018-04-04 08:18:54,188 INFO [Clustering Tasks Thread-3] o.a.n.c.c.ClusterProtocolHeartbeater Heartbeat created at 2018-04-04 08:18:54,183 and sent to nifisetuptwo:9999 at 2018-04-04 08:18:54,188; send took 4 millis
2018-04-04 08:18:59,193 INFO [Clustering Tasks Thread-3] o.a.n.c.c.ClusterProtocolHeartbeater Heartbeat created at 2018-04-04 08:18:59,188 and sent to nifisetuptwo:9999 at 2018-04-04 08:18:59,193; send took 5 millis
2018-04-04 08:19:04,199 INFO [Clustering Tasks Thread-3] o.a.n.c.c.ClusterProtocolHeartbeater Heartbeat created at 2018-04-04 08:19:04,193 and sent to nifisetuptwo:9999 at 2018-04-04 08:19:04,199; send took 5 millis
2018-04-04 08:19:09,204 INFO [Clustering Tasks Thread-3] o.a.n.c.c.ClusterProtocolHeartbeater Heartbeat created at 2018-04-04 08:19:09,199 and sent to nifisetuptwo:9999 at 2018-04-04 08:19:09,204; send took 5 millis
2018-04-04 08:19:14,210 INFO [Clustering Tasks Thread-3] o.a.n.c.c.ClusterProtocolHeartbeater Heartbeat created at 2018-04-04 08:19:14,205 and sent to nifisetuptwo:9999 at 2018-04-04 08:19:14,210; send took 5 millis
2018-04-04 08:19:19,215 INFO [Clustering Tasks Thread-3] o.a.n.c.c.ClusterProtocolHeartbeater Heartbeat created at 2018-04-04 08:19:19,210 and sent to nifisetuptwo:9999 at 2018-04-04 08:19:19,215; send took 5 millis
2018-04-04 08:19:24,229 INFO [Clustering Tasks Thread-3] o.a.n.c.c.ClusterProtocolHeartbeater Heartbeat created at 2018-04-04 08:19:24,216 and sent to nifisetuptwo:9999 at 2018-04-04 08:19:24,229; send took 13 millis
2018-04-04 08:19:29,235 INFO [Clustering Tasks Thread-3] o.a.n.c.c.ClusterProtocolHeartbeater Heartbeat created at 2018-04-04 08:19:29,230 and sent to nifisetuptwo:9999 at 2018-04-04 08:19:29,235; send took 5 millis
2018-04-04 08:19:34,240 INFO [Clustering Tasks Thread-3] o.a.n.c.c.ClusterProtocolHeartbeater Heartbeat created at 2018-04-04 08:19:34,235 and sent to nifisetuptwo:9999 at 2018-04-04 08:19:34,240; send took 5 millis
2018-04-04 08:19:39,246 INFO [Clustering Tasks Thread-3] o.a.n.c.c.ClusterProtocolHeartbeater Heartbeat created at 2018-04-04 08:19:39,241 and sent to nifisetuptwo:9999 at 2018-04-04 08:19:39,246; send took 5 millis
2018-04-04 08:19:39,302 INFO [pool-12-thread-1] o.a.n.c.r.WriteAheadFlowFileRepository Initiating checkpoint of FlowFile Repository
2018-04-04 08:19:39,417 INFO [pool-12-thread-1] org.wali.MinimalLockingWriteAheadLog org.wali.MinimalLockingWriteAheadLog@c8293cb checkpointed with 0 Records and 0 Swap Files in 114 milliseconds (Stop-the-world time = 42 milliseconds, Clear Edit Logs time = 32 millis), max Transaction ID 48561
2018-04-04 08:19:39,417 INFO [pool-12-thread-1] o.a.n.c.r.WriteAheadFlowFileRepository Successfully checkpointed FlowFile Repository with 0 records in 114 milliseconds
2018-04-04 08:19:44,251 INFO [Clustering Tasks Thread-3] o.a.n.c.c.ClusterProtocolHeartbeater Heartbeat created at 2018-04-04 08:19:44,246 and sent to nifisetuptwo:9999 at 2018-04-04 08:19:44,251; send took 5 millis
2018-04-04 08:19:49,257 INFO [Clustering Tasks Thread-3] o.a.n.c.c.ClusterProtocolHeartbeater Heartbeat created at 2018-04-04 08:19:49,252 and sent to nifisetuptwo:9999 at 2018-04-04 08:19:49,257; send took 5 millis
2018-04-04 08:19:54,263 INFO [Clustering Tasks Thread-3] o.a.n.c.c.ClusterProtocolHeartbeater Heartbeat created at 2018-04-04 08:19:54,257 and sent to nifisetuptwo:9999 at 2018-04-04 08:19:54,263; send took 5 millis
2018-04-04 08:19:59,269 INFO [Clustering Tasks Thread-3] o.a.n.c.c.ClusterProtocolHeartbeater Heartbeat created at 2018-04-04 08:19:59,264 and sent to nifisetuptwo:9999 at 2018-04-04 08:19:59,269; send took 5 millis
2018-04-04 08:20:04,274 INFO [Clustering Tasks Thread-3] o.a.n.c.c.ClusterProtocolHeartbeater Heartbeat created at 2018-04-04 08:20:04,269 and sent to nifisetuptwo:9999 at 2018-04-04 08:20:04,274; send took 4 millis
2018-04-04 08:20:09,279 INFO [Clustering Tasks Thread-3] o.a.n.c.c.ClusterProtocolHeartbeater Heartbeat created at 2018-04-04 08:20:09,274 and sent to nifisetuptwo:9999 at 2018-04-04 08:20:09,279; send took 5 millis
2018-04-04 08:20:14,284 INFO [Clustering Tasks Thread-3] o.a.n.c.c.ClusterProtocolHeartbeater Heartbeat created at 2018-04-04 08:20:14,279 and sent to nifisetuptwo:9999 at 2018-04-04 08:20:14,284; send took 5 millis
2018-04-04 08:20:19,290 INFO [Clustering Tasks Thread-3] o.a.n.c.c.ClusterProtocolHeartbeater Heartbeat created at 2018-04-04 08:20:19,285 and sent to nifisetuptwo:9999 at 2018-04-04 08:20:19,290; send took 5 millis
2018-04-04 08:20:24,304 INFO [Clustering Tasks Thread-3] o.a.n.c.c.ClusterProtocolHeartbeater Heartbeat created at 2018-04-04 08:20:24,290 and sent to nifisetuptwo:9999 at 2018-04-04 08:20:24,304; send took 13 millis
2018-04-04 08:20:28,978 INFO [Write-Ahead Local State Provider Maintenance] org.wali.MinimalLockingWriteAheadLog org.wali.MinimalLockingWriteAheadLog@56ed2baf checkpointed with 61 Records and 0 Swap Files in 260 milliseconds (Stop-the-world time = 2 milliseconds, Clear Edit Logs time = 1 millis), max Transaction ID 137
2018-04-04 08:20:29,309 INFO [Clustering Tasks Thread-3] o.a.n.c.c.ClusterProtocolHeartbeater Heartbeat created at 2018-04-04 08:20:29,305 and sent to nifisetuptwo:9999 at 2018-04-04 08:20:29,309; send took 4 millis
2018-04-04 08:20:34,315 INFO [Clustering Tasks Thread-3] o.a.n.c.c.ClusterProtocolHeartbeater Heartbeat created at 2018-04-04 08:20:34,310 and sent to nifisetuptwo:9999 at 2018-04-04 08:20:34,315; send took 5 millis
2018-04-04 08:20:39,321 INFO [Clustering Tasks Thread-3] o.a.n.c.c.ClusterProtocolHeartbeater Heartbeat created at 2018-04-04 08:20:39,316 and sent to nifisetuptwo:9999 at 2018-04-04 08:20:39,321; send took 5 millis
2018-04-04 08:20:44,327 INFO [Clustering Tasks Thread-3] o.a.n.c.c.ClusterProtocolHeartbeater Heartbeat created at 2018-04-04 08:20:44,321 and sent to nifisetuptwo:9999 at 2018-04-04 08:20:44,327; send took 5 millis
2018-04-04 08:20:49,332 INFO [Clustering Tasks Thread-3] o.a.n.c.c.ClusterProtocolHeartbeater Heartbeat created at 2018-04-04 08:20:49,327 and sent to nifisetuptwo:9999 at 2018-04-04 08:20:49,332; send took 5 millis
2018-04-04 08:20:54,338 INFO [Clustering Tasks Thread-3] o.a.n.c.c.ClusterProtocolHeartbeater Heartbeat created at 2018-04-04 08:20:54,332 and sent to nifisetuptwo:9999 at 2018-04-04 08:20:54,338; send took 5 millis
2018-04-04 08:20:59,344 INFO [Clustering Tasks Thread-3] o.a.n.c.c.ClusterProtocolHeartbeater Heartbeat created at 2018-04-04 08:20:59,338 and sent to nifisetuptwo:9999 at 2018-04-04 08:20:59,344; send took 5 millis
2018-04-04 08:21:04,349 INFO [Clustering Tasks Thread-3] o.a.n.c.c.ClusterProtocolHeartbeater Heartbeat created at 2018-04-04 08:21:04,344 and sent to nifisetuptwo:9999 at 2018-04-04 08:21:04,349; send took 5 millis
2018-04-04 08:21:09,355 INFO [Clustering Tasks Thread-3] o.a.n.c.c.ClusterProtocolHeartbeater Heartbeat created at 2018-04-04 08:21:09,350 and sent to nifisetuptwo:9999 at 2018-04-04 08:21:09,355; send took 4 millis
2018-04-04 08:21:14,360 INFO [Clustering Tasks Thread-3] o.a.n.c.c.ClusterProtocolHeartbeater Heartbeat created at 2018-04-04 08:21:14,355 and sent to nifisetuptwo:9999 at 2018-04-04 08:21:14,360; send took 4 millis
2018-04-04 08:21:19,366 INFO [Clustering Tasks Thread-3] o.a.n.c.c.ClusterProtocolHeartbeater Heartbeat created at 2018-04-04 08:21:19,360 and sent to nifisetuptwo:9999 at 2018-04-04 08:21:19,366; send took 5 millis
2018-04-04 08:21:24,371 INFO [Clustering Tasks Thread-3] o.a.n.c.c.ClusterProtocolHeartbeater Heartbeat created at 2018-04-04 08:21:24,366 and sent to nifisetuptwo:9999 at 2018-04-04 08:21:24,371; send took 5 millis
2018-04-04 08:21:29,377 INFO [Clustering Tasks Thread-3] o.a.n.c.c.ClusterProtocolHeartbeater Heartbeat created at 2018-04-04 08:21:29,372 and sent to nifisetuptwo:9999 at 2018-04-04 08:21:29,377; send took 5 millis
2018-04-04 08:21:34,382 INFO [Clustering Tasks Thread-3] o.a.n.c.c.ClusterProtocolHeartbeater Heartbeat created at 2018-04-04 08:21:34,377 and sent to nifisetuptwo:9999 at 2018-04-04 08:21:34,382; send took 5 millis
2018-04-04 08:21:39,388 INFO [Clustering Tasks Thread-3] o.a.n.c.c.ClusterProtocolHeartbeater Heartbeat created at 2018-04-04 08:21:39,383 and sent to nifisetuptwo:9999 at 2018-04-04 08:21:39,388; send took 5 millis
2018-04-04 08:21:39,417 INFO [pool-12-thread-1] o.a.n.c.r.WriteAheadFlowFileRepository Initiating checkpoint of FlowFile Repository
2018-04-04 08:21:39,516 INFO [pool-12-thread-1] org.wali.MinimalLockingWriteAheadLog org.wali.MinimalLockingWriteAheadLog@c8293cb checkpointed with 0 Records and 0 Swap Files in 99 milliseconds (Stop-the-world time = 43 milliseconds, Clear Edit Logs time = 31 millis), max Transaction ID 48561
2018-04-04 08:21:39,516 INFO [pool-12-thread-1] o.a.n.c.r.WriteAheadFlowFileRepository Successfully checkpointed FlowFile Repository with 0 records in 99 milliseconds
2018-04-04 08:21:44,394 INFO [Clustering Tasks Thread-3] o.a.n.c.c.ClusterProtocolHeartbeater Heartbeat created at 2018-04-04 08:21:44,389 and sent to nifisetuptwo:9999 at 2018-04-04 08:21:44,394; send took 5 millis
2018-04-04 08:21:49,400 INFO [Clustering Tasks Thread-3] o.a.n.c.c.ClusterProtocolHeartbeater Heartbeat created at 2018-04-04 08:21:49,394 and sent to nifisetuptwo:9999 at 2018-04-04 08:21:49,400; send took 5 millis
2018-04-04 08:21:54,406 INFO [Clustering Tasks Thread-3] o.a.n.c.c.ClusterProtocolHeartbeater Heartbeat created at 2018-04-04 08:21:54,400 and sent to nifisetuptwo:9999 at 2018-04-04 08:21:54,406; send took 5 millis
2018-04-04 08:21:59,411 INFO [Clustering Tasks Thread-3] o.a.n.c.c.ClusterProtocolHeartbeater Heartbeat created at 2018-04-04 08:21:59,406 and sent to nifisetuptwo:9999 at 2018-04-04 08:21:59,411; send took 5 millis
2018-04-04 08:22:04,417 INFO [Clustering Tasks Thread-3] o.a.n.c.c.ClusterProtocolHeartbeater Heartbeat created at 2018-04-04 08:22:04,412 and sent to nifisetuptwo:9999 at 2018-04-04 08:22:04,417; send took 5 millis
2018-04-04 08:22:09,422 INFO [Clustering Tasks Thread-3] o.a.n.c.c.ClusterProtocolHeartbeater Heartbeat created at 2018-04-04 08:22:09,417 and sent to nifisetuptwo:9999 at 2018-04-04 08:22:09,422; send took 5 millis
2018-04-04 08:22:14,428 INFO [Clustering Tasks Thread-3] o.a.n.c.c.ClusterProtocolHeartbeater Heartbeat created at 2018-04-04 08:22:14,423 and sent to nifisetuptwo:9999 at 2018-04-04 08:22:14,428; send took 5 millis
2018-04-04 08:22:19,433 INFO [Clustering Tasks Thread-3] o.a.n.c.c.ClusterProtocolHeartbeater Heartbeat created at 2018-04-04 08:22:19,428 and sent to nifisetuptwo:9999 at 2018-04-04 08:22:19,433; send took 4 millis
2018-04-04 08:22:24,439 INFO [Clustering Tasks Thread-3] o.a.n.c.c.ClusterProtocolHeartbeater Heartbeat created at 2018-04-04 08:22:24,433 and sent to nifisetuptwo:9999 at 2018-04-04 08:22:24,439; send took 5 millis
2018-04-04 08:22:29,325 INFO [Write-Ahead Local State Provider Maintenance] org.wali.MinimalLockingWriteAheadLog org.wali.MinimalLockingWriteAheadLog@56ed2baf checkpointed with 61 Records and 0 Swap Files in 347 milliseconds (Stop-the-world time = 1 milliseconds, Clear Edit Logs time = 1 millis), max Transaction ID 137
2018-04-04 08:22:29,444 INFO [Clustering Tasks Thread-3] o.a.n.c.c.ClusterProtocolHeartbeater Heartbeat created at 2018-04-04 08:22:29,439 and sent to nifisetuptwo:9999 at 2018-04-04 08:22:29,444; send took 5 millis
2018-04-04 08:22:34,450 INFO [Clustering Tasks Thread-3] o.a.n.c.c.ClusterProtocolHeartbeater Heartbeat created at 2018-04-04 08:22:34,445 and sent to nifisetuptwo:9999 at 2018-04-04 08:22:34,450; send took 5 millis
2018-04-04 08:22:39,455 INFO [Clustering Tasks Thread-3] o.a.n.c.c.ClusterProtocolHeartbeater Heartbeat created at 2018-04-04 08:22:39,450 and sent to nifisetuptwo:9999 at 2018-04-04 08:22:39,455; send took 4 millis
2018-04-04 08:22:44,461 INFO [Clustering Tasks Thread-3] o.a.n.c.c.ClusterProtocolHeartbeater Heartbeat created at 2018-04-04 08:22:44,455 and sent to nifisetuptwo:9999 at 2018-04-04 08:22:44,461; send took 5 millis
2018-04-04 08:22:49,466 INFO [Clustering Tasks Thread-3] o.a.n.c.c.ClusterProtocolHeartbeater Heartbeat created at 2018-04-04 08:22:49,461 and sent to nifisetuptwo:9999 at 2018-04-04 08:22:49,466; send took 4 millis
2018-04-04 08:22:54,471 INFO [Clustering Tasks Thread-3] o.a.n.c.c.ClusterProtocolHeartbeater Heartbeat created at 2018-04-04 08:22:54,466 and sent to nifisetuptwo:9999 at 2018-04-04 08:22:54,471; send took 5 millis
2018-04-04 08:22:59,477 INFO [Clustering Tasks Thread-3] o.a.n.c.c.ClusterProtocolHeartbeater Heartbeat created at 2018-04-04 08:22:59,472 and sent to nifisetuptwo:9999 at 2018-04-04 08:22:59,477; send took 5 millis
2018-04-04 08:23:04,482 INFO [Clustering Tasks Thread-3] o.a.n.c.c.ClusterProtocolHeartbeater Heartbeat created at 2018-04-04 08:23:04,477 and sent to nifisetuptwo:9999 at 2018-04-04 08:23:04,482; send took 4 millis
2018-04-04 08:23:09,487 INFO [Clustering Tasks Thread-3] o.a.n.c.c.ClusterProtocolHeartbeater Heartbeat created at 2018-04-04 08:23:09,482 and sent to nifisetuptwo:9999 at 2018-04-04 08:23:09,487; send took 5 millis
2018-04-04 08:23:14,493 INFO [Clustering Tasks Thread-3] o.a.n.c.c.ClusterProtocolHeartbeater Heartbeat created at 2018-04-04 08:23:14,487 and sent to nifisetuptwo:9999 at 2018-04-04 08:23:14,493; send took 5 millis
2018-04-04 08:23:19,498 INFO [Clustering Tasks Thread-3] o.a.n.c.c.ClusterProtocolHeartbeater Heartbeat created at 2018-04-04 08:23:19,493 and sent to nifisetuptwo:9999 at 2018-04-04 08:23:19,498; send took 5 millis
2018-04-04 08:23:24,503 INFO [Clustering Tasks Thread-3] o.a.n.c.c.ClusterProtocolHeartbeater Heartbeat created at 2018-04-04 08:23:24,498 and sent to nifisetuptwo:9999 at 2018-04-04 08:23:24,503; send took 5 millis
2018-04-04 08:23:29,509 INFO [Clustering Tasks Thread-3] o.a.n.c.c.ClusterProtocolHeartbeater Heartbeat created at 2018-04-04 08:23:29,504 and sent to nifisetuptwo:9999 at 2018-04-04 08:23:29,509; send took 5 millis
2018-04-04 08:23:34,515 INFO [Clustering Tasks Thread-3] o.a.n.c.c.ClusterProtocolHeartbeater Heartbeat created at 2018-04-04 08:23:34,509 and sent to nifisetuptwo:9999 at 2018-04-04 08:23:34,515; send took 5 millis
2018-04-04 08:23:39,516 INFO [pool-12-thread-1] o.a.n.c.r.WriteAheadFlowFileRepository Initiating checkpoint of FlowFile Repository
2018-04-04 08:23:39,521 INFO [Clustering Tasks Thread-3] o.a.n.c.c.ClusterProtocolHeartbeater Heartbeat created at 2018-04-04 08:23:39,515 and sent to nifisetuptwo:9999 at 2018-04-04 08:23:39,521; send took 6 millis
2018-04-04 08:23:39,615 INFO [pool-12-thread-1] org.wali.MinimalLockingWriteAheadLog org.wali.MinimalLockingWriteAheadLog@c8293cb checkpointed with 0 Records and 0 Swap Files in 98 milliseconds (Stop-the-world time = 41 milliseconds, Clear Edit Logs time = 29 millis), max Transaction ID 48561
2018-04-04 08:23:39,615 INFO [pool-12-thread-1] o.a.n.c.r.WriteAheadFlowFileRepository Successfully checkpointed FlowFile Repository with 0 records in 98 milliseconds
2018-04-04 08:23:44,527 INFO [Clustering Tasks Thread-3] o.a.n.c.c.ClusterProtocolHeartbeater Heartbeat created at 2018-04-04 08:23:44,522 and sent to nifisetuptwo:9999 at 2018-04-04 08:23:44,527; send took 5 millis
2018-04-04 08:23:49,533 INFO [Clustering Tasks Thread-3] o.a.n.c.c.ClusterProtocolHeartbeater Heartbeat created at 2018-04-04 08:23:49,527 and sent to nifisetuptwo:9999 at 2018-04-04 08:23:49,533; send took 5 millis
2018-04-04 08:23:54,543 INFO [Clustering Tasks Thread-3] o.a.n.c.c.ClusterProtocolHeartbeater Heartbeat created at 2018-04-04 08:23:54,533 and sent to nifisetuptwo:9999 at 2018-04-04 08:23:54,543; send took 9 millis
2018-04-04 08:23:59,549 INFO [Clustering Tasks Thread-3] o.a.n.c.c.ClusterProtocolHeartbeater Heartbeat created at 2018-04-04 08:23:59,543 and sent to nifisetuptwo:9999 at 2018-04-04 08:23:59,549; send took 5 millis
2018-04-04 08:24:04,554 INFO [Clustering Tasks Thread-3] o.a.n.c.c.ClusterProtocolHeartbeater Heartbeat created at 2018-04-04 08:24:04,549 and sent to nifisetuptwo:9999 at 2018-04-04 08:24:04,554; send took 4 millis
2018-04-04 08:24:09,564 INFO [Clustering Tasks Thread-3] o.a.n.c.c.ClusterProtocolHeartbeater Heartbeat created at 2018-04-04 08:24:09,554 and sent to nifisetuptwo:9999 at 2018-04-04 08:24:09,564; send took 9 millis
2018-04-04 08:24:14,569 INFO [Clustering Tasks Thread-3] o.a.n.c.c.ClusterProtocolHeartbeater Heartbeat created at 2018-04-04 08:24:14,564 and sent to nifisetuptwo:9999 at 2018-04-04 08:24:14,569; send took 4 millis
2018-04-04 08:24:19,575 INFO [Clustering Tasks Thread-3] o.a.n.c.c.ClusterProtocolHeartbeater Heartbeat created at 2018-04-04 08:24:19,569 and sent to nifisetuptwo:9999 at 2018-04-04 08:24:19,575; send took 5 millis
2018-04-04 08:24:24,581 INFO [Clustering Tasks Thread-3] o.a.n.c.c.ClusterProtocolHeartbeater Heartbeat created at 2018-04-04 08:24:24,575 and sent to nifisetuptwo:9999 at 2018-04-04 08:24:24,581; send took 5 millis
2018-04-04 08:24:29,587 INFO [Clustering Tasks Thread-3] o.a.n.c.c.ClusterProtocolHeartbeater Heartbeat created at 2018-04-04 08:24:29,581 and sent to nifisetuptwo:9999 at 2018-04-04 08:24:29,586; send took 5 millis
2018-04-04 08:24:29,699 INFO [Write-Ahead Local State Provider Maintenance] org.wali.MinimalLockingWriteAheadLog org.wali.MinimalLockingWriteAheadLog@56ed2baf checkpointed with 61 Records and 0 Swap Files in 373 milliseconds (Stop-the-world time = 1 milliseconds, Clear Edit Logs time = 13 millis), max Transaction ID 137
2018-04-04 08:24:34,592 INFO [Clustering Tasks Thread-3] o.a.n.c.c.ClusterProtocolHeartbeater Heartbeat created at 2018-04-04 08:24:34,587 and sent to nifisetuptwo:9999 at 2018-04-04 08:24:34,592; send took 5 millis
2018-04-04 08:24:39,597 INFO [Clustering Tasks Thread-3] o.a.n.c.c.ClusterProtocolHeartbeater Heartbeat created at 2018-04-04 08:24:39,592 and sent to nifisetuptwo:9999 at 2018-04-04 08:24:39,597; send took 5 millis
2018-04-04 08:24:44,603 INFO [Clustering Tasks Thread-3] o.a.n.c.c.ClusterProtocolHeartbeater Heartbeat created at 2018-04-04 08:24:44,598 and sent to nifisetuptwo:9999 at 2018-04-04 08:24:44,603; send took 5 millis
2018-04-04 08:24:49,610 INFO [Clustering Tasks Thread-3] o.a.n.c.c.ClusterProtocolHeartbeater Heartbeat created at 2018-04-04 08:24:49,603 and sent to nifisetuptwo:9999 at 2018-04-04 08:24:49,610; send took 6 millis
2018-04-04 08:24:54,629 INFO [Clustering Tasks Thread-3] o.a.n.c.c.ClusterProtocolHeartbeater Heartbeat created at 2018-04-04 08:24:54,611 and sent to nifisetuptwo:9999 at 2018-04-04 08:24:54,629; send took 17 millis
2018-04-04 08:24:59,635 INFO [Clustering Tasks Thread-3] o.a.n.c.c.ClusterProtocolHeartbeater Heartbeat created at 2018-04-04 08:24:59,629 and sent to nifisetuptwo:9999 at 2018-04-04 08:24:59,635; send took 5 millis
2018-04-04 08:25:04,640 INFO [Clustering Tasks Thread-3] o.a.n.c.c.ClusterProtocolHeartbeater Heartbeat created at 2018-04-04 08:25:04,635 and sent to nifisetuptwo:9999 at 2018-04-04 08:25:04,640; send took 5 millis
2018-04-04 08:25:09,663 INFO [Clustering Tasks Thread-3] o.a.n.c.c.ClusterProtocolHeartbeater Heartbeat created at 2018-04-04 08:25:09,641 and sent to nifisetuptwo:9999 at 2018-04-04 08:25:09,663; send took 21 millis
2018-04-04 08:25:14,668 INFO [Clustering Tasks Thread-3] o.a.n.c.c.ClusterProtocolHeartbeater Heartbeat created at 2018-04-04 08:25:14,663 and sent to nifisetuptwo:9999 at 2018-04-04 08:25:14,668; send took 5 millis
2018-04-04 08:25:19,674 INFO [Clustering Tasks Thread-3] o.a.n.c.c.ClusterProtocolHeartbeater Heartbeat created at 2018-04-04 08:25:19,669 and sent to nifisetuptwo:9999 at 2018-04-04 08:25:19,674; send took 5 millis
2018-04-04 08:25:24,679 INFO [Clustering Tasks Thread-3] o.a.n.c.c.ClusterProtocolHeartbeater Heartbeat created at 2018-04-04 08:25:24,674 and sent to nifisetuptwo:9999 at 2018-04-04 08:25:24,679; send took 5 millis
2018-04-04 08:25:29,717 INFO [Clustering Tasks Thread-3] o.a.n.c.c.ClusterProtocolHeartbeater Heartbeat created at 2018-04-04 08:25:29,685 and sent to nifisetuptwo:9999 at 2018-04-04 08:25:29,717; send took 32 millis
2018-04-04 08:25:34,723 INFO [Clustering Tasks Thread-3] o.a.n.c.c.ClusterProtocolHeartbeater Heartbeat created at 2018-04-04 08:25:34,717 and sent to nifisetuptwo:9999 at 2018-04-04 08:25:34,723; send took 5 millis
2018-04-04 08:25:39,615 INFO [pool-12-thread-1] o.a.n.c.r.WriteAheadFlowFileRepository Initiating checkpoint of FlowFile Repository
2018-04-04 08:25:39,729 INFO [Clustering Tasks Thread-3] o.a.n.c.c.ClusterProtocolHeartbeater Heartbeat created at 2018-04-04 08:25:39,723 and sent to nifisetuptwo:9999 at 2018-04-04 08:25:39,729; send took 5 millis
2018-04-04 08:25:39,756 INFO [pool-12-thread-1] org.wali.MinimalLockingWriteAheadLog org.wali.MinimalLockingWriteAheadLog@c8293cb checkpointed with 0 Records and 0 Swap Files in 140 milliseconds (Stop-the-world time = 40 milliseconds, Clear Edit Logs time = 30 millis), max Transaction ID 48561
2018-04-04 08:25:39,756 INFO [pool-12-thread-1] o.a.n.c.r.WriteAheadFlowFileRepository Successfully checkpointed FlowFile Repository with 0 records in 140 milliseconds
2018-04-04 08:25:44,735 INFO [Clustering Tasks Thread-3] o.a.n.c.c.ClusterProtocolHeartbeater Heartbeat created at 2018-04-04 08:25:44,729 and sent to nifisetuptwo:9999 at 2018-04-04 08:25:44,735; send took 5 millis
2018-04-04 08:25:49,741 INFO [Clustering Tasks Thread-3] o.a.n.c.c.ClusterProtocolHeartbeater Heartbeat created at 2018-04-04 08:25:49,735 and sent to nifisetuptwo:9999 at 2018-04-04 08:25:49,741; send took 5 millis
2018-04-04 08:25:54,769 INFO [Clustering Tasks Thread-3] o.a.n.c.c.ClusterProtocolHeartbeater Heartbeat created at 2018-04-04 08:25:54,741 and sent to nifisetuptwo:9999 at 2018-04-04 08:25:54,769; send took 28 millis
2018-04-04 08:25:59,775 INFO [Clustering Tasks Thread-3] o.a.n.c.c.ClusterProtocolHeartbeater Heartbeat created at 2018-04-04 08:25:59,770 and sent to nifisetuptwo:9999 at 2018-04-04 08:25:59,775; send took 4 millis
2018-04-04 08:26:04,780 INFO [Clustering Tasks Thread-3] o.a.n.c.c.ClusterProtocolHeartbeater Heartbeat created at 2018-04-04 08:26:04,775 and sent to nifisetuptwo:9999 at 2018-04-04 08:26:04,780; send took 4 millis
2018-04-04 08:26:09,797 INFO [Clustering Tasks Thread-3] o.a.n.c.c.ClusterProtocolHeartbeater Heartbeat created at 2018-04-04 08:26:09,781 and sent to nifisetuptwo:9999 at 2018-04-04 08:26:09,797; send took 15 millis
2018-04-04 08:26:14,803 INFO [Clustering Tasks Thread-3] o.a.n.c.c.ClusterProtocolHeartbeater Heartbeat created at 2018-04-04 08:26:14,797 and sent to nifisetuptwo:9999 at 2018-04-04 08:26:14,803; send took 5 millis
2018-04-04 08:26:19,808 INFO [Clustering Tasks Thread-3] o.a.n.c.c.ClusterProtocolHeartbeater Heartbeat created at 2018-04-04 08:26:19,803 and sent to nifisetuptwo:9999 at 2018-04-04 08:26:19,808; send took 5 millis
2018-04-04 08:26:24,814 INFO [Clustering Tasks Thread-3] o.a.n.c.c.ClusterProtocolHeartbeater Heartbeat created at 2018-04-04 08:26:24,809 and sent to nifisetuptwo:9999 at 2018-04-04 08:26:24,814; send took 5 millis
2018-04-04 08:26:29,841 INFO [Clustering Tasks Thread-3] o.a.n.c.c.ClusterProtocolHeartbeater Heartbeat created at 2018-04-04 08:26:29,815 and sent to nifisetuptwo:9999 at 2018-04-04 08:26:29,841; send took 26 millis
2018-04-04 08:26:29,854 INFO [Write-Ahead Local State Provider Maintenance] org.wali.MinimalLockingWriteAheadLog org.wali.MinimalLockingWriteAheadLog@56ed2baf checkpointed with 61 Records and 0 Swap Files in 153 milliseconds (Stop-the-world time = 16 milliseconds, Clear Edit Logs time = 18 millis), max Transaction ID 137
2018-04-04 08:26:34,847 INFO [Clustering Tasks Thread-3] o.a.n.c.c.ClusterProtocolHeartbeater Heartbeat created at 2018-04-04 08:26:34,842 and sent to nifisetuptwo:9999 at 2018-04-04 08:26:34,847; send took 5 millis
2018-04-04 08:26:39,853 INFO [Clustering Tasks Thread-3] o.a.n.c.c.ClusterProtocolHeartbeater Heartbeat created at 2018-04-04 08:26:39,848 and sent to nifisetuptwo:9999 at 2018-04-04 08:26:39,853; send took 5 millis
2018-04-04 08:26:44,859 INFO [Clustering Tasks Thread-3] o.a.n.c.c.ClusterProtocolHeartbeater Heartbeat created at 2018-04-04 08:26:44,854 and sent to nifisetuptwo:9999 at 2018-04-04 08:26:44,859; send took 5 millis
2018-04-04 08:26:49,865 INFO [Clustering Tasks Thread-3] o.a.n.c.c.ClusterProtocolHeartbeater Heartbeat created at 2018-04-04 08:26:49,859 and sent to nifisetuptwo:9999 at 2018-04-04 08:26:49,865; send took 5 millis
2018-04-04 08:26:54,893 INFO [Clustering Tasks Thread-3] o.a.n.c.c.ClusterProtocolHeartbeater Heartbeat created at 2018-04-04 08:26:54,865 and sent to nifisetuptwo:9999 at 2018-04-04 08:26:54,893; send took 28 millis
2018-04-04 08:26:59,900 INFO [Clustering Tasks Thread-3] o.a.n.c.c.ClusterProtocolHeartbeater Heartbeat created at 2018-04-04 08:26:59,894 and sent to nifisetuptwo:9999 at 2018-04-04 08:26:59,900; send took 5 millis
2018-04-04 08:27:04,905 INFO [Clustering Tasks Thread-3] o.a.n.c.c.ClusterProtocolHeartbeater Heartbeat created at 2018-04-04 08:27:04,900 and sent to nifisetuptwo:9999 at 2018-04-04 08:27:04,905; send took 4 millis
2018-04-04 08:27:09,920 INFO [Clustering Tasks Thread-3] o.a.n.c.c.ClusterProtocolHeartbeater Heartbeat created at 2018-04-04 08:27:09,905 and sent to nifisetuptwo:9999 at 2018-04-04 08:27:09,920; send took 14 millis
2018-04-04 08:27:14,926 INFO [Clustering Tasks Thread-3] o.a.n.c.c.ClusterProtocolHeartbeater Heartbeat created at 2018-04-04 08:27:14,920 and sent to nifisetuptwo:9999 at 2018-04-04 08:27:14,926; send took 5 millis
2018-04-04 08:27:19,931 INFO [Clustering Tasks Thread-3] o.a.n.c.c.ClusterProtocolHeartbeater Heartbeat created at 2018-04-04 08:27:19,926 and sent to nifisetuptwo:9999 at 2018-04-04 08:27:19,931; send took 5 millis
2018-04-04 08:27:24,937 INFO [Clustering Tasks Thread-3] o.a.n.c.c.ClusterProtocolHeartbeater Heartbeat created at 2018-04-04 08:27:24,932 and sent to nifisetuptwo:9999 at 2018-04-04 08:27:24,937; send took 5 millis
2018-04-04 08:27:29,960 INFO [Clustering Tasks Thread-3] o.a.n.c.c.ClusterProtocolHeartbeater Heartbeat created at 2018-04-04 08:27:29,939 and sent to nifisetuptwo:9999 at 2018-04-04 08:27:29,960; send took 20 millis
2018-04-04 08:27:34,965 INFO [Clustering Tasks Thread-3] o.a.n.c.c.ClusterProtocolHeartbeater Heartbeat created at 2018-04-04 08:27:34,960 and sent to nifisetuptwo:9999 at 2018-04-04 08:27:34,965; send took 5 millis
2018-04-04 08:27:39,756 INFO [pool-12-thread-1] o.a.n.c.r.WriteAheadFlowFileRepository Initiating checkpoint of FlowFile Repository
2018-04-04 08:27:39,860 INFO [pool-12-thread-1] org.wali.MinimalLockingWriteAheadLog org.wali.MinimalLockingWriteAheadLog@c8293cb checkpointed with 0 Records and 0 Swap Files in 103 milliseconds (Stop-the-world time = 43 milliseconds, Clear Edit Logs time = 30 millis), max Transaction ID 48561
2018-04-04 08:27:39,860 INFO [pool-12-thread-1] o.a.n.c.r.WriteAheadFlowFileRepository Successfully checkpointed FlowFile Repository with 0 records in 103 milliseconds
2018-04-04 08:27:39,971 INFO [Clustering Tasks Thread-3] o.a.n.c.c.ClusterProtocolHeartbeater Heartbeat created at 2018-04-04 08:27:39,966 and sent to nifisetuptwo:9999 at 2018-04-04 08:27:39,971; send took 5 millis
2018-04-04 08:27:44,977 INFO [Clustering Tasks Thread-3] o.a.n.c.c.ClusterProtocolHeartbeater Heartbeat created at 2018-04-04 08:27:44,971 and sent to nifisetuptwo:9999 at 2018-04-04 08:27:44,977; send took 5 millis
2018-04-04 08:27:49,983 INFO [Clustering Tasks Thread-3] o.a.n.c.c.ClusterProtocolHeartbeater Heartbeat created at 2018-04-04 08:27:49,977 and sent to nifisetuptwo:9999 at 2018-04-04 08:27:49,983; send took 5 millis
2018-04-04 08:27:55,006 INFO [Clustering Tasks Thread-3] o.a.n.c.c.ClusterProtocolHeartbeater Heartbeat created at 2018-04-04 08:27:54,984 and sent to nifisetuptwo:9999 at 2018-04-04 08:27:55,006; send took 22 millis
2018-04-04 08:28:00,012 INFO [Clustering Tasks Thread-3] o.a.n.c.c.ClusterProtocolHeartbeater Heartbeat created at 2018-04-04 08:28:00,007 and sent to nifisetuptwo:9999 at 2018-04-04 08:28:00,012; send took 5 millis
2018-04-04 08:28:05,018 INFO [Clustering Tasks Thread-2] o.a.n.c.c.ClusterProtocolHeartbeater Heartbeat created at 2018-04-04 08:28:05,012 and sent to nifisetuptwo:9999 at 2018-04-04 08:28:05,018; send took 5 millis
2018-04-04 08:28:10,023 INFO [Clustering Tasks Thread-2] o.a.n.c.c.ClusterProtocolHeartbeater Heartbeat created at 2018-04-04 08:28:10,018 and sent to nifisetuptwo:9999 at 2018-04-04 08:28:10,023; send took 5 millis
2018-04-04 08:28:15,029 INFO [Clustering Tasks Thread-2] o.a.n.c.c.ClusterProtocolHeartbeater Heartbeat created at 2018-04-04 08:28:15,024 and sent to nifisetuptwo:9999 at 2018-04-04 08:28:15,029; send took 5 millis
2018-04-04 08:28:20,034 INFO [Clustering Tasks Thread-2] o.a.n.c.c.ClusterProtocolHeartbeater Heartbeat created at 2018-04-04 08:28:20,029 and sent to nifisetuptwo:9999 at 2018-04-04 08:28:20,034; send took 5 millis
2018-04-04 08:28:25,041 INFO [Clustering Tasks Thread-2] o.a.n.c.c.ClusterProtocolHeartbeater Heartbeat created at 2018-04-04 08:28:25,035 and sent to nifisetuptwo:9999 at 2018-04-04 08:28:25,041; send took 5 millis
2018-04-04 08:28:30,062 INFO [Clustering Tasks Thread-2] o.a.n.c.c.ClusterProtocolHeartbeater Heartbeat created at 2018-04-04 08:28:30,041 and sent to nifisetuptwo:9999 at 2018-04-04 08:28:30,062; send took 21 millis
2018-04-04 08:28:30,193 INFO [Write-Ahead Local State Provider Maintenance] org.wali.MinimalLockingWriteAheadLog org.wali.MinimalLockingWriteAheadLog@56ed2baf checkpointed with 61 Records and 0 Swap Files in 338 milliseconds (Stop-the-world time = 1 milliseconds, Clear Edit Logs time = 7 millis), max Transaction ID 137
2018-04-04 08:28:35,068 INFO [Clustering Tasks Thread-2] o.a.n.c.c.ClusterProtocolHeartbeater Heartbeat created at 2018-04-04 08:28:35,063 and sent to nifisetuptwo:9999 at 2018-04-04 08:28:35,068; send took 4 millis
