2018-03-21 11:46:35,246 INFO [main] org.apache.nifi.bootstrap.RunNiFi Status File no longer exists. Will not restart NiFi
2018-03-21 11:46:43,267 INFO [main] o.a.n.b.NotificationServiceManager Successfully loaded the following 0 services: []
2018-03-21 11:46:43,276 INFO [main] org.apache.nifi.bootstrap.RunNiFi Registered no Notification Services for Notification Type NIFI_STARTED
2018-03-21 11:46:43,276 INFO [main] org.apache.nifi.bootstrap.RunNiFi Registered no Notification Services for Notification Type NIFI_STOPPED
2018-03-21 11:46:43,276 INFO [main] org.apache.nifi.bootstrap.RunNiFi Registered no Notification Services for Notification Type NIFI_DIED
2018-03-21 11:46:43,298 INFO [main] org.apache.nifi.bootstrap.Command Starting Apache NiFi...
2018-03-21 11:46:43,298 INFO [main] org.apache.nifi.bootstrap.Command Working Directory: /home/centos/downloads/nifi
2018-03-21 11:46:43,299 INFO [main] org.apache.nifi.bootstrap.Command Command: /home/centos/downloads/java/bin/java -classpath /home/centos/downloads/nifi/./conf:/home/centos/downloads/nifi/./lib/javax.servlet-api-3.1.0.jar:/home/centos/downloads/nifi/./lib/jetty-schemas-3.1.jar:/home/centos/downloads/nifi/./lib/logback-classic-1.2.3.jar:/home/centos/downloads/nifi/./lib/logback-core-1.2.3.jar:/home/centos/downloads/nifi/./lib/slf4j-api-1.7.25.jar:/home/centos/downloads/nifi/./lib/jcl-over-slf4j-1.7.25.jar:/home/centos/downloads/nifi/./lib/jul-to-slf4j-1.7.25.jar:/home/centos/downloads/nifi/./lib/log4j-over-slf4j-1.7.25.jar:/home/centos/downloads/nifi/./lib/nifi-api-1.5.0.jar:/home/centos/downloads/nifi/./lib/nifi-framework-api-1.5.0.jar:/home/centos/downloads/nifi/./lib/nifi-runtime-1.5.0.jar:/home/centos/downloads/nifi/./lib/nifi-nar-utils-1.5.0.jar:/home/centos/downloads/nifi/./lib/nifi-properties-1.5.0.jar -Dorg.apache.jasper.compiler.disablejsr199=true -Xmx512m -Xms512m -Djavax.security.auth.useSubjectCredsOnly=true -Djava.security.egd=file:/dev/urandom -Dsun.net.http.allowRestrictedHeaders=true -Djava.net.preferIPv4Stack=true -Djava.awt.headless=true -XX:+UseG1GC -Djava.protocol.handler.pkgs=sun.net.www.protocol -Dnifi.properties.file.path=/home/centos/downloads/nifi/./conf/nifi.properties -Dnifi.bootstrap.listen.port=19483 -Dapp=NiFi -Dorg.apache.nifi.bootstrap.config.log.dir=/home/centos/downloads/nifi/logs org.apache.nifi.NiFi 
2018-03-21 11:46:43,369 INFO [main] org.apache.nifi.bootstrap.Command Launched Apache NiFi with Process ID 17833
2018-03-21 11:46:44,304 INFO [NiFi Bootstrap Command Listener] org.apache.nifi.bootstrap.RunNiFi Apache NiFi now running and listening for Bootstrap requests on port 36944
2018-03-21 12:31:53,087 INFO [main] o.a.n.b.NotificationServiceManager Successfully loaded the following 0 services: []
2018-03-21 12:31:53,094 INFO [main] org.apache.nifi.bootstrap.RunNiFi Registered no Notification Services for Notification Type NIFI_STARTED
2018-03-21 12:31:53,094 INFO [main] org.apache.nifi.bootstrap.RunNiFi Registered no Notification Services for Notification Type NIFI_STOPPED
2018-03-21 12:31:53,095 INFO [main] org.apache.nifi.bootstrap.RunNiFi Registered no Notification Services for Notification Type NIFI_DIED
2018-03-21 12:31:54,056 INFO [main] org.apache.nifi.bootstrap.Command Apache NiFi has accepted the Shutdown Command and is shutting down now
2018-03-21 12:31:54,092 INFO [main] org.apache.nifi.bootstrap.Command Waiting for Apache NiFi to finish shutting down...
2018-03-21 12:31:55,495 INFO [main] org.apache.nifi.bootstrap.RunNiFi A shutdown was initiated. Will not restart NiFi
2018-03-21 12:31:56,106 INFO [main] org.apache.nifi.bootstrap.Command NiFi has finished shutting down.
2018-03-21 12:32:05,366 INFO [main] o.a.n.b.NotificationServiceManager Successfully loaded the following 0 services: []
2018-03-21 12:32:05,377 INFO [main] org.apache.nifi.bootstrap.RunNiFi Registered no Notification Services for Notification Type NIFI_STARTED
2018-03-21 12:32:05,377 INFO [main] org.apache.nifi.bootstrap.RunNiFi Registered no Notification Services for Notification Type NIFI_STOPPED
2018-03-21 12:32:05,377 INFO [main] org.apache.nifi.bootstrap.RunNiFi Registered no Notification Services for Notification Type NIFI_DIED
2018-03-21 12:32:05,401 INFO [main] org.apache.nifi.bootstrap.Command Starting Apache NiFi...
2018-03-21 12:32:05,401 INFO [main] org.apache.nifi.bootstrap.Command Working Directory: /home/centos/downloads/nifi
2018-03-21 12:32:05,401 INFO [main] org.apache.nifi.bootstrap.Command Command: /home/centos/downloads/java/bin/java -classpath /home/centos/downloads/nifi/./conf:/home/centos/downloads/nifi/./lib/javax.servlet-api-3.1.0.jar:/home/centos/downloads/nifi/./lib/jetty-schemas-3.1.jar:/home/centos/downloads/nifi/./lib/logback-classic-1.2.3.jar:/home/centos/downloads/nifi/./lib/logback-core-1.2.3.jar:/home/centos/downloads/nifi/./lib/slf4j-api-1.7.25.jar:/home/centos/downloads/nifi/./lib/jcl-over-slf4j-1.7.25.jar:/home/centos/downloads/nifi/./lib/jul-to-slf4j-1.7.25.jar:/home/centos/downloads/nifi/./lib/log4j-over-slf4j-1.7.25.jar:/home/centos/downloads/nifi/./lib/nifi-api-1.5.0.jar:/home/centos/downloads/nifi/./lib/nifi-framework-api-1.5.0.jar:/home/centos/downloads/nifi/./lib/nifi-runtime-1.5.0.jar:/home/centos/downloads/nifi/./lib/nifi-nar-utils-1.5.0.jar:/home/centos/downloads/nifi/./lib/nifi-properties-1.5.0.jar -Dorg.apache.jasper.compiler.disablejsr199=true -Xmx512m -Xms512m -Djavax.security.auth.useSubjectCredsOnly=true -Djava.security.egd=file:/dev/urandom -Dsun.net.http.allowRestrictedHeaders=true -Djava.net.preferIPv4Stack=true -Djava.awt.headless=true -XX:+UseG1GC -Djava.protocol.handler.pkgs=sun.net.www.protocol -Dnifi.properties.file.path=/home/centos/downloads/nifi/./conf/nifi.properties -Dnifi.bootstrap.listen.port=31325 -Dapp=NiFi -Dorg.apache.nifi.bootstrap.config.log.dir=/home/centos/downloads/nifi/logs org.apache.nifi.NiFi 
2018-03-21 12:32:05,735 INFO [main] org.apache.nifi.bootstrap.Command Launched Apache NiFi with Process ID 19859
2018-03-21 12:32:06,377 INFO [NiFi Bootstrap Command Listener] org.apache.nifi.bootstrap.RunNiFi Apache NiFi now running and listening for Bootstrap requests on port 22158
2018-03-21 12:56:29,731 INFO [main] o.a.n.b.NotificationServiceManager Successfully loaded the following 0 services: []
2018-03-21 12:56:29,737 INFO [main] org.apache.nifi.bootstrap.RunNiFi Registered no Notification Services for Notification Type NIFI_STARTED
2018-03-21 12:56:29,738 INFO [main] org.apache.nifi.bootstrap.RunNiFi Registered no Notification Services for Notification Type NIFI_STOPPED
2018-03-21 12:56:29,738 INFO [main] org.apache.nifi.bootstrap.RunNiFi Registered no Notification Services for Notification Type NIFI_DIED
2018-03-21 12:56:37,238 INFO [main] org.apache.nifi.bootstrap.Command Apache NiFi has accepted the Shutdown Command and is shutting down now
2018-03-21 12:56:37,381 INFO [main] org.apache.nifi.bootstrap.Command Waiting for Apache NiFi to finish shutting down...
2018-03-21 12:56:39,405 INFO [main] org.apache.nifi.bootstrap.Command Waiting for Apache NiFi to finish shutting down...
2018-03-21 12:56:41,429 INFO [main] org.apache.nifi.bootstrap.Command Waiting for Apache NiFi to finish shutting down...
2018-03-21 12:56:43,451 INFO [main] org.apache.nifi.bootstrap.Command Waiting for Apache NiFi to finish shutting down...
2018-03-21 12:56:45,481 INFO [main] org.apache.nifi.bootstrap.Command Waiting for Apache NiFi to finish shutting down...
2018-03-21 12:56:47,503 INFO [main] org.apache.nifi.bootstrap.Command Waiting for Apache NiFi to finish shutting down...
2018-03-21 12:56:49,565 INFO [main] org.apache.nifi.bootstrap.Command Waiting for Apache NiFi to finish shutting down...
2018-03-21 12:56:51,602 INFO [main] org.apache.nifi.bootstrap.Command Waiting for Apache NiFi to finish shutting down...
2018-03-21 12:56:53,654 INFO [main] org.apache.nifi.bootstrap.Command Waiting for Apache NiFi to finish shutting down...
2018-03-21 12:56:55,704 INFO [main] org.apache.nifi.bootstrap.Command Waiting for Apache NiFi to finish shutting down...
2018-03-21 12:56:57,771 INFO [main] org.apache.nifi.bootstrap.Command Waiting for Apache NiFi to finish shutting down...
2018-03-21 12:56:57,793 WARN [main] org.apache.nifi.bootstrap.Command NiFi has not finished shutting down after 20 seconds. Killing process.
2018-03-21 12:56:57,826 INFO [main] org.apache.nifi.bootstrap.Command NiFi has finished shutting down.
2018-03-21 12:56:58,121 INFO [main] org.apache.nifi.bootstrap.RunNiFi Status File no longer exists. Will not restart NiFi
2018-03-21 12:57:24,359 INFO [main] o.a.n.b.NotificationServiceManager Successfully loaded the following 0 services: []
2018-03-21 12:57:24,368 INFO [main] org.apache.nifi.bootstrap.RunNiFi Registered no Notification Services for Notification Type NIFI_STARTED
2018-03-21 12:57:24,368 INFO [main] org.apache.nifi.bootstrap.RunNiFi Registered no Notification Services for Notification Type NIFI_STOPPED
2018-03-21 12:57:24,368 INFO [main] org.apache.nifi.bootstrap.RunNiFi Registered no Notification Services for Notification Type NIFI_DIED
2018-03-21 12:57:24,392 INFO [main] org.apache.nifi.bootstrap.Command Starting Apache NiFi...
2018-03-21 12:57:24,393 INFO [main] org.apache.nifi.bootstrap.Command Working Directory: /home/centos/downloads/nifi
2018-03-21 12:57:24,393 INFO [main] org.apache.nifi.bootstrap.Command Command: /home/centos/downloads/java/bin/java -classpath /home/centos/downloads/nifi/./conf:/home/centos/downloads/nifi/./lib/javax.servlet-api-3.1.0.jar:/home/centos/downloads/nifi/./lib/jetty-schemas-3.1.jar:/home/centos/downloads/nifi/./lib/logback-classic-1.2.3.jar:/home/centos/downloads/nifi/./lib/logback-core-1.2.3.jar:/home/centos/downloads/nifi/./lib/slf4j-api-1.7.25.jar:/home/centos/downloads/nifi/./lib/jcl-over-slf4j-1.7.25.jar:/home/centos/downloads/nifi/./lib/jul-to-slf4j-1.7.25.jar:/home/centos/downloads/nifi/./lib/log4j-over-slf4j-1.7.25.jar:/home/centos/downloads/nifi/./lib/nifi-api-1.5.0.jar:/home/centos/downloads/nifi/./lib/nifi-framework-api-1.5.0.jar:/home/centos/downloads/nifi/./lib/nifi-runtime-1.5.0.jar:/home/centos/downloads/nifi/./lib/nifi-nar-utils-1.5.0.jar:/home/centos/downloads/nifi/./lib/nifi-properties-1.5.0.jar -Dorg.apache.jasper.compiler.disablejsr199=true -Xmx512m -Xms512m -Djavax.security.auth.useSubjectCredsOnly=true -Djava.security.egd=file:/dev/urandom -Dsun.net.http.allowRestrictedHeaders=true -Djava.net.preferIPv4Stack=true -Djava.awt.headless=true -XX:+UseG1GC -Djava.protocol.handler.pkgs=sun.net.www.protocol -Dnifi.properties.file.path=/home/centos/downloads/nifi/./conf/nifi.properties -Dnifi.bootstrap.listen.port=36346 -Dapp=NiFi -Dorg.apache.nifi.bootstrap.config.log.dir=/home/centos/downloads/nifi/logs org.apache.nifi.NiFi 
2018-03-21 12:57:24,495 INFO [main] org.apache.nifi.bootstrap.Command Launched Apache NiFi with Process ID 21286
2018-03-21 12:57:25,415 INFO [NiFi Bootstrap Command Listener] org.apache.nifi.bootstrap.RunNiFi Apache NiFi now running and listening for Bootstrap requests on port 11656
2018-03-21 13:57:36,866 INFO [main] o.a.n.b.NotificationServiceManager Successfully loaded the following 0 services: []
2018-03-21 13:57:36,875 INFO [main] org.apache.nifi.bootstrap.RunNiFi Registered no Notification Services for Notification Type NIFI_STARTED
2018-03-21 13:57:36,875 INFO [main] org.apache.nifi.bootstrap.RunNiFi Registered no Notification Services for Notification Type NIFI_STOPPED
2018-03-21 13:57:36,876 INFO [main] org.apache.nifi.bootstrap.RunNiFi Registered no Notification Services for Notification Type NIFI_DIED
2018-03-21 13:57:38,149 INFO [main] org.apache.nifi.bootstrap.Command Apache NiFi has accepted the Shutdown Command and is shutting down now
2018-03-21 13:57:38,205 INFO [main] org.apache.nifi.bootstrap.Command Waiting for Apache NiFi to finish shutting down...
2018-03-21 13:57:38,841 INFO [main] org.apache.nifi.bootstrap.RunNiFi A shutdown was initiated. Will not restart NiFi
2018-03-21 13:57:40,219 INFO [main] org.apache.nifi.bootstrap.Command NiFi has finished shutting down.
2018-03-21 14:01:22,849 INFO [main] o.a.n.b.NotificationServiceManager Successfully loaded the following 0 services: []
2018-03-21 14:01:22,859 INFO [main] org.apache.nifi.bootstrap.RunNiFi Registered no Notification Services for Notification Type NIFI_STARTED
2018-03-21 14:01:22,860 INFO [main] org.apache.nifi.bootstrap.RunNiFi Registered no Notification Services for Notification Type NIFI_STOPPED
2018-03-21 14:01:22,860 INFO [main] org.apache.nifi.bootstrap.RunNiFi Registered no Notification Services for Notification Type NIFI_DIED
2018-03-21 14:01:22,884 INFO [main] org.apache.nifi.bootstrap.Command Starting Apache NiFi...
2018-03-21 14:01:22,884 INFO [main] org.apache.nifi.bootstrap.Command Working Directory: /home/centos/downloads/nifi
2018-03-21 14:01:22,884 INFO [main] org.apache.nifi.bootstrap.Command Command: /home/centos/downloads/java/bin/java -classpath /home/centos/downloads/nifi/./conf:/home/centos/downloads/nifi/./lib/javax.servlet-api-3.1.0.jar:/home/centos/downloads/nifi/./lib/jetty-schemas-3.1.jar:/home/centos/downloads/nifi/./lib/logback-classic-1.2.3.jar:/home/centos/downloads/nifi/./lib/logback-core-1.2.3.jar:/home/centos/downloads/nifi/./lib/slf4j-api-1.7.25.jar:/home/centos/downloads/nifi/./lib/jcl-over-slf4j-1.7.25.jar:/home/centos/downloads/nifi/./lib/jul-to-slf4j-1.7.25.jar:/home/centos/downloads/nifi/./lib/log4j-over-slf4j-1.7.25.jar:/home/centos/downloads/nifi/./lib/nifi-api-1.5.0.jar:/home/centos/downloads/nifi/./lib/nifi-framework-api-1.5.0.jar:/home/centos/downloads/nifi/./lib/nifi-runtime-1.5.0.jar:/home/centos/downloads/nifi/./lib/nifi-nar-utils-1.5.0.jar:/home/centos/downloads/nifi/./lib/nifi-properties-1.5.0.jar -Dorg.apache.jasper.compiler.disablejsr199=true -Xmx512m -Xms512m -Djavax.security.auth.useSubjectCredsOnly=true -Djava.security.egd=file:/dev/urandom -Dsun.net.http.allowRestrictedHeaders=true -Djava.net.preferIPv4Stack=true -Djava.awt.headless=true -XX:+UseG1GC -Djava.protocol.handler.pkgs=sun.net.www.protocol -Dnifi.properties.file.path=/home/centos/downloads/nifi/./conf/nifi.properties -Dnifi.bootstrap.listen.port=32798 -Dapp=NiFi -Dorg.apache.nifi.bootstrap.config.log.dir=/home/centos/downloads/nifi/logs org.apache.nifi.NiFi 
2018-03-21 14:01:23,161 INFO [main] org.apache.nifi.bootstrap.Command Launched Apache NiFi with Process ID 24178
2018-03-21 14:01:23,938 INFO [NiFi Bootstrap Command Listener] org.apache.nifi.bootstrap.RunNiFi Apache NiFi now running and listening for Bootstrap requests on port 10145
2018-03-21 14:33:05,665 INFO [main] o.a.n.b.NotificationServiceManager Successfully loaded the following 0 services: []
2018-03-21 14:33:05,675 INFO [main] org.apache.nifi.bootstrap.RunNiFi Registered no Notification Services for Notification Type NIFI_STARTED
2018-03-21 14:33:05,676 INFO [main] org.apache.nifi.bootstrap.RunNiFi Registered no Notification Services for Notification Type NIFI_STOPPED
2018-03-21 14:33:05,676 INFO [main] org.apache.nifi.bootstrap.RunNiFi Registered no Notification Services for Notification Type NIFI_DIED
2018-03-21 14:33:06,712 INFO [main] org.apache.nifi.bootstrap.Command Apache NiFi has accepted the Shutdown Command and is shutting down now
2018-03-21 14:33:06,751 INFO [main] org.apache.nifi.bootstrap.Command Waiting for Apache NiFi to finish shutting down...
2018-03-21 14:33:07,333 INFO [main] org.apache.nifi.bootstrap.RunNiFi A shutdown was initiated. Will not restart NiFi
2018-03-21 14:33:08,763 INFO [main] org.apache.nifi.bootstrap.Command NiFi has finished shutting down.
2018-03-21 14:33:12,422 INFO [main] o.a.n.b.NotificationServiceManager Successfully loaded the following 0 services: []
2018-03-21 14:33:12,430 INFO [main] org.apache.nifi.bootstrap.RunNiFi Registered no Notification Services for Notification Type NIFI_STARTED
2018-03-21 14:33:12,430 INFO [main] org.apache.nifi.bootstrap.RunNiFi Registered no Notification Services for Notification Type NIFI_STOPPED
2018-03-21 14:33:12,430 INFO [main] org.apache.nifi.bootstrap.RunNiFi Registered no Notification Services for Notification Type NIFI_DIED
2018-03-21 14:33:12,452 INFO [main] org.apache.nifi.bootstrap.Command Starting Apache NiFi...
2018-03-21 14:33:12,452 INFO [main] org.apache.nifi.bootstrap.Command Working Directory: /home/centos/downloads/nifi
2018-03-21 14:33:12,452 INFO [main] org.apache.nifi.bootstrap.Command Command: /home/centos/downloads/java/bin/java -classpath /home/centos/downloads/nifi/./conf:/home/centos/downloads/nifi/./lib/javax.servlet-api-3.1.0.jar:/home/centos/downloads/nifi/./lib/jetty-schemas-3.1.jar:/home/centos/downloads/nifi/./lib/logback-classic-1.2.3.jar:/home/centos/downloads/nifi/./lib/logback-core-1.2.3.jar:/home/centos/downloads/nifi/./lib/slf4j-api-1.7.25.jar:/home/centos/downloads/nifi/./lib/jcl-over-slf4j-1.7.25.jar:/home/centos/downloads/nifi/./lib/jul-to-slf4j-1.7.25.jar:/home/centos/downloads/nifi/./lib/log4j-over-slf4j-1.7.25.jar:/home/centos/downloads/nifi/./lib/nifi-api-1.5.0.jar:/home/centos/downloads/nifi/./lib/nifi-framework-api-1.5.0.jar:/home/centos/downloads/nifi/./lib/nifi-runtime-1.5.0.jar:/home/centos/downloads/nifi/./lib/nifi-nar-utils-1.5.0.jar:/home/centos/downloads/nifi/./lib/nifi-properties-1.5.0.jar -Dorg.apache.jasper.compiler.disablejsr199=true -Xmx6g -Xms5g -Djavax.security.auth.useSubjectCredsOnly=true -Djava.security.egd=file:/dev/urandom -Dsun.net.http.allowRestrictedHeaders=true -Djava.net.preferIPv4Stack=true -Djava.awt.headless=true -XX:+UseG1GC -Djava.protocol.handler.pkgs=sun.net.www.protocol -Dnifi.properties.file.path=/home/centos/downloads/nifi/./conf/nifi.properties -Dnifi.bootstrap.listen.port=30550 -Dapp=NiFi -Dorg.apache.nifi.bootstrap.config.log.dir=/home/centos/downloads/nifi/logs org.apache.nifi.NiFi 
2018-03-21 14:33:12,616 INFO [main] org.apache.nifi.bootstrap.Command Launched Apache NiFi with Process ID 25778
2018-03-21 14:33:13,514 INFO [NiFi Bootstrap Command Listener] org.apache.nifi.bootstrap.RunNiFi Apache NiFi now running and listening for Bootstrap requests on port 14017
2018-03-21 18:26:16,382 INFO [main] o.a.n.b.NotificationServiceManager Successfully loaded the following 0 services: []
2018-03-21 18:26:16,394 INFO [main] org.apache.nifi.bootstrap.RunNiFi Registered no Notification Services for Notification Type NIFI_STARTED
2018-03-21 18:26:16,394 INFO [main] org.apache.nifi.bootstrap.RunNiFi Registered no Notification Services for Notification Type NIFI_STOPPED
2018-03-21 18:26:16,394 INFO [main] org.apache.nifi.bootstrap.RunNiFi Registered no Notification Services for Notification Type NIFI_DIED
2018-03-21 18:26:26,606 ERROR [main] org.apache.nifi.bootstrap.Command Failed to send shutdown command to port 14017 due to java.net.SocketTimeoutException: Read timed out. Will kill the NiFi Process with PID 25778.
2018-03-21 18:26:28,172 INFO [main] org.apache.nifi.bootstrap.RunNiFi Status File no longer exists. Will not restart NiFi
2018-03-21 18:27:14,611 INFO [main] o.a.n.b.NotificationServiceManager Successfully loaded the following 0 services: []
2018-03-21 18:27:14,620 INFO [main] org.apache.nifi.bootstrap.RunNiFi Registered no Notification Services for Notification Type NIFI_STARTED
2018-03-21 18:27:14,620 INFO [main] org.apache.nifi.bootstrap.RunNiFi Registered no Notification Services for Notification Type NIFI_STOPPED
2018-03-21 18:27:14,620 INFO [main] org.apache.nifi.bootstrap.RunNiFi Registered no Notification Services for Notification Type NIFI_DIED
2018-03-21 18:27:14,647 INFO [main] org.apache.nifi.bootstrap.Command Starting Apache NiFi...
2018-03-21 18:27:14,647 INFO [main] org.apache.nifi.bootstrap.Command Working Directory: /home/centos/downloads/nifi
2018-03-21 18:27:14,648 INFO [main] org.apache.nifi.bootstrap.Command Command: /home/centos/downloads/java/bin/java -classpath /home/centos/downloads/nifi/./conf:/home/centos/downloads/nifi/./lib/javax.servlet-api-3.1.0.jar:/home/centos/downloads/nifi/./lib/jetty-schemas-3.1.jar:/home/centos/downloads/nifi/./lib/logback-classic-1.2.3.jar:/home/centos/downloads/nifi/./lib/logback-core-1.2.3.jar:/home/centos/downloads/nifi/./lib/slf4j-api-1.7.25.jar:/home/centos/downloads/nifi/./lib/jcl-over-slf4j-1.7.25.jar:/home/centos/downloads/nifi/./lib/jul-to-slf4j-1.7.25.jar:/home/centos/downloads/nifi/./lib/log4j-over-slf4j-1.7.25.jar:/home/centos/downloads/nifi/./lib/nifi-api-1.5.0.jar:/home/centos/downloads/nifi/./lib/nifi-framework-api-1.5.0.jar:/home/centos/downloads/nifi/./lib/nifi-runtime-1.5.0.jar:/home/centos/downloads/nifi/./lib/nifi-nar-utils-1.5.0.jar:/home/centos/downloads/nifi/./lib/nifi-properties-1.5.0.jar -Dorg.apache.jasper.compiler.disablejsr199=true -Xmx6g -Xms5g -Djavax.security.auth.useSubjectCredsOnly=true -Djava.security.egd=file:/dev/urandom -Dsun.net.http.allowRestrictedHeaders=true -Djava.net.preferIPv4Stack=true -Djava.awt.headless=true -XX:+UseG1GC -Djava.protocol.handler.pkgs=sun.net.www.protocol -Dnifi.properties.file.path=/home/centos/downloads/nifi/./conf/nifi.properties -Dnifi.bootstrap.listen.port=27682 -Dapp=NiFi -Dorg.apache.nifi.bootstrap.config.log.dir=/home/centos/downloads/nifi/logs org.apache.nifi.NiFi 
2018-03-21 18:27:14,895 INFO [main] org.apache.nifi.bootstrap.Command Launched Apache NiFi with Process ID 36190
2018-03-21 18:27:15,763 INFO [NiFi Bootstrap Command Listener] org.apache.nifi.bootstrap.RunNiFi Apache NiFi now running and listening for Bootstrap requests on port 25062
