2018-03-20 12:01:49,009 INFO [Write-Ahead Local State Provider Maintenance] org.wali.MinimalLockingWriteAheadLog org.wali.MinimalLockingWriteAheadLog@3b399f5a checkpointed with 2 Records and 0 Swap Files in 102 milliseconds (Stop-the-world time = 2 milliseconds, Clear Edit Logs time = 2 millis), max Transaction ID 11
2018-03-20 12:01:57,245 INFO [pool-10-thread-1] o.a.n.c.r.WriteAheadFlowFileRepository Initiating checkpoint of FlowFile Repository
2018-03-20 12:01:57,351 INFO [pool-10-thread-1] org.wali.MinimalLockingWriteAheadLog org.wali.MinimalLockingWriteAheadLog@7b38db21 checkpointed with 0 Records and 0 Swap Files in 105 milliseconds (Stop-the-world time = 48 milliseconds, Clear Edit Logs time = 34 millis), max Transaction ID 48347
2018-03-20 12:01:57,351 INFO [pool-10-thread-1] o.a.n.c.r.WriteAheadFlowFileRepository Successfully checkpointed FlowFile Repository with 0 records in 106 milliseconds
2018-03-20 12:03:49,021 INFO [Write-Ahead Local State Provider Maintenance] org.wali.MinimalLockingWriteAheadLog org.wali.MinimalLockingWriteAheadLog@3b399f5a checkpointed with 2 Records and 0 Swap Files in 11 milliseconds (Stop-the-world time = 1 milliseconds, Clear Edit Logs time = 1 millis), max Transaction ID 11
2018-03-20 12:03:57,351 INFO [pool-10-thread-1] o.a.n.c.r.WriteAheadFlowFileRepository Initiating checkpoint of FlowFile Repository
2018-03-20 12:03:57,477 INFO [pool-10-thread-1] org.wali.MinimalLockingWriteAheadLog org.wali.MinimalLockingWriteAheadLog@7b38db21 checkpointed with 0 Records and 0 Swap Files in 125 milliseconds (Stop-the-world time = 67 milliseconds, Clear Edit Logs time = 30 millis), max Transaction ID 48347
2018-03-20 12:03:57,477 INFO [pool-10-thread-1] o.a.n.c.r.WriteAheadFlowFileRepository Successfully checkpointed FlowFile Repository with 0 records in 125 milliseconds
2018-03-20 12:05:49,060 INFO [Write-Ahead Local State Provider Maintenance] org.wali.MinimalLockingWriteAheadLog org.wali.MinimalLockingWriteAheadLog@3b399f5a checkpointed with 2 Records and 0 Swap Files in 38 milliseconds (Stop-the-world time = 1 milliseconds, Clear Edit Logs time = 1 millis), max Transaction ID 11
2018-03-20 12:05:57,477 INFO [pool-10-thread-1] o.a.n.c.r.WriteAheadFlowFileRepository Initiating checkpoint of FlowFile Repository
2018-03-20 12:05:57,636 INFO [pool-10-thread-1] org.wali.MinimalLockingWriteAheadLog org.wali.MinimalLockingWriteAheadLog@7b38db21 checkpointed with 0 Records and 0 Swap Files in 158 milliseconds (Stop-the-world time = 46 milliseconds, Clear Edit Logs time = 30 millis), max Transaction ID 48347
2018-03-20 12:05:57,636 INFO [pool-10-thread-1] o.a.n.c.r.WriteAheadFlowFileRepository Successfully checkpointed FlowFile Repository with 0 records in 158 milliseconds
2018-03-20 12:07:49,072 INFO [Write-Ahead Local State Provider Maintenance] org.wali.MinimalLockingWriteAheadLog org.wali.MinimalLockingWriteAheadLog@3b399f5a checkpointed with 2 Records and 0 Swap Files in 11 milliseconds (Stop-the-world time = 1 milliseconds, Clear Edit Logs time = 1 millis), max Transaction ID 11
2018-03-20 12:07:57,636 INFO [pool-10-thread-1] o.a.n.c.r.WriteAheadFlowFileRepository Initiating checkpoint of FlowFile Repository
2018-03-20 12:07:57,740 INFO [pool-10-thread-1] org.wali.MinimalLockingWriteAheadLog org.wali.MinimalLockingWriteAheadLog@7b38db21 checkpointed with 0 Records and 0 Swap Files in 104 milliseconds (Stop-the-world time = 42 milliseconds, Clear Edit Logs time = 29 millis), max Transaction ID 48347
2018-03-20 12:07:57,740 INFO [pool-10-thread-1] o.a.n.c.r.WriteAheadFlowFileRepository Successfully checkpointed FlowFile Repository with 0 records in 104 milliseconds
2018-03-20 12:09:49,083 INFO [Write-Ahead Local State Provider Maintenance] org.wali.MinimalLockingWriteAheadLog org.wali.MinimalLockingWriteAheadLog@3b399f5a checkpointed with 2 Records and 0 Swap Files in 11 milliseconds (Stop-the-world time = 1 milliseconds, Clear Edit Logs time = 1 millis), max Transaction ID 11
2018-03-20 12:09:57,741 INFO [pool-10-thread-1] o.a.n.c.r.WriteAheadFlowFileRepository Initiating checkpoint of FlowFile Repository
2018-03-20 12:09:57,828 INFO [pool-10-thread-1] org.wali.MinimalLockingWriteAheadLog org.wali.MinimalLockingWriteAheadLog@7b38db21 checkpointed with 0 Records and 0 Swap Files in 87 milliseconds (Stop-the-world time = 42 milliseconds, Clear Edit Logs time = 26 millis), max Transaction ID 48347
2018-03-20 12:09:57,828 INFO [pool-10-thread-1] o.a.n.c.r.WriteAheadFlowFileRepository Successfully checkpointed FlowFile Repository with 0 records in 87 milliseconds
2018-03-20 12:11:49,109 INFO [Write-Ahead Local State Provider Maintenance] org.wali.MinimalLockingWriteAheadLog org.wali.MinimalLockingWriteAheadLog@3b399f5a checkpointed with 2 Records and 0 Swap Files in 25 milliseconds (Stop-the-world time = 1 milliseconds, Clear Edit Logs time = 1 millis), max Transaction ID 11
2018-03-20 12:11:57,828 INFO [pool-10-thread-1] o.a.n.c.r.WriteAheadFlowFileRepository Initiating checkpoint of FlowFile Repository
2018-03-20 12:11:57,992 INFO [pool-10-thread-1] org.wali.MinimalLockingWriteAheadLog org.wali.MinimalLockingWriteAheadLog@7b38db21 checkpointed with 0 Records and 0 Swap Files in 163 milliseconds (Stop-the-world time = 41 milliseconds, Clear Edit Logs time = 24 millis), max Transaction ID 48347
2018-03-20 12:11:57,992 INFO [pool-10-thread-1] o.a.n.c.r.WriteAheadFlowFileRepository Successfully checkpointed FlowFile Repository with 0 records in 163 milliseconds
2018-03-20 12:13:49,122 INFO [Write-Ahead Local State Provider Maintenance] org.wali.MinimalLockingWriteAheadLog org.wali.MinimalLockingWriteAheadLog@3b399f5a checkpointed with 2 Records and 0 Swap Files in 13 milliseconds (Stop-the-world time = 1 milliseconds, Clear Edit Logs time = 1 millis), max Transaction ID 11
2018-03-20 12:13:57,992 INFO [pool-10-thread-1] o.a.n.c.r.WriteAheadFlowFileRepository Initiating checkpoint of FlowFile Repository
2018-03-20 12:13:58,144 INFO [pool-10-thread-1] org.wali.MinimalLockingWriteAheadLog org.wali.MinimalLockingWriteAheadLog@7b38db21 checkpointed with 0 Records and 0 Swap Files in 152 milliseconds (Stop-the-world time = 53 milliseconds, Clear Edit Logs time = 30 millis), max Transaction ID 48347
2018-03-20 12:13:58,144 INFO [pool-10-thread-1] o.a.n.c.r.WriteAheadFlowFileRepository Successfully checkpointed FlowFile Repository with 0 records in 152 milliseconds
2018-03-20 12:15:49,164 INFO [Write-Ahead Local State Provider Maintenance] org.wali.MinimalLockingWriteAheadLog org.wali.MinimalLockingWriteAheadLog@3b399f5a checkpointed with 2 Records and 0 Swap Files in 41 milliseconds (Stop-the-world time = 1 milliseconds, Clear Edit Logs time = 2 millis), max Transaction ID 11
2018-03-20 12:15:58,144 INFO [pool-10-thread-1] o.a.n.c.r.WriteAheadFlowFileRepository Initiating checkpoint of FlowFile Repository
2018-03-20 12:15:58,352 INFO [pool-10-thread-1] org.wali.MinimalLockingWriteAheadLog org.wali.MinimalLockingWriteAheadLog@7b38db21 checkpointed with 0 Records and 0 Swap Files in 207 milliseconds (Stop-the-world time = 43 milliseconds, Clear Edit Logs time = 33 millis), max Transaction ID 48347
2018-03-20 12:15:58,352 INFO [pool-10-thread-1] o.a.n.c.r.WriteAheadFlowFileRepository Successfully checkpointed FlowFile Repository with 0 records in 207 milliseconds
2018-03-20 12:17:49,177 INFO [Write-Ahead Local State Provider Maintenance] org.wali.MinimalLockingWriteAheadLog org.wali.MinimalLockingWriteAheadLog@3b399f5a checkpointed with 2 Records and 0 Swap Files in 12 milliseconds (Stop-the-world time = 1 milliseconds, Clear Edit Logs time = 1 millis), max Transaction ID 11
2018-03-20 12:17:58,352 INFO [pool-10-thread-1] o.a.n.c.r.WriteAheadFlowFileRepository Initiating checkpoint of FlowFile Repository
2018-03-20 12:17:58,494 INFO [pool-10-thread-1] org.wali.MinimalLockingWriteAheadLog org.wali.MinimalLockingWriteAheadLog@7b38db21 checkpointed with 0 Records and 0 Swap Files in 141 milliseconds (Stop-the-world time = 50 milliseconds, Clear Edit Logs time = 31 millis), max Transaction ID 48347
2018-03-20 12:17:58,494 INFO [pool-10-thread-1] o.a.n.c.r.WriteAheadFlowFileRepository Successfully checkpointed FlowFile Repository with 0 records in 141 milliseconds
2018-03-20 12:19:49,189 INFO [Write-Ahead Local State Provider Maintenance] org.wali.MinimalLockingWriteAheadLog org.wali.MinimalLockingWriteAheadLog@3b399f5a checkpointed with 2 Records and 0 Swap Files in 11 milliseconds (Stop-the-world time = 1 milliseconds, Clear Edit Logs time = 1 millis), max Transaction ID 11
2018-03-20 12:19:58,494 INFO [pool-10-thread-1] o.a.n.c.r.WriteAheadFlowFileRepository Initiating checkpoint of FlowFile Repository
2018-03-20 12:19:58,639 INFO [pool-10-thread-1] org.wali.MinimalLockingWriteAheadLog org.wali.MinimalLockingWriteAheadLog@7b38db21 checkpointed with 0 Records and 0 Swap Files in 145 milliseconds (Stop-the-world time = 47 milliseconds, Clear Edit Logs time = 30 millis), max Transaction ID 48347
2018-03-20 12:19:58,640 INFO [pool-10-thread-1] o.a.n.c.r.WriteAheadFlowFileRepository Successfully checkpointed FlowFile Repository with 0 records in 145 milliseconds
2018-03-20 12:21:49,212 INFO [Write-Ahead Local State Provider Maintenance] org.wali.MinimalLockingWriteAheadLog org.wali.MinimalLockingWriteAheadLog@3b399f5a checkpointed with 2 Records and 0 Swap Files in 22 milliseconds (Stop-the-world time = 1 milliseconds, Clear Edit Logs time = 1 millis), max Transaction ID 11
2018-03-20 12:21:58,640 INFO [pool-10-thread-1] o.a.n.c.r.WriteAheadFlowFileRepository Initiating checkpoint of FlowFile Repository
2018-03-20 12:21:58,848 INFO [pool-10-thread-1] org.wali.MinimalLockingWriteAheadLog org.wali.MinimalLockingWriteAheadLog@7b38db21 checkpointed with 0 Records and 0 Swap Files in 207 milliseconds (Stop-the-world time = 51 milliseconds, Clear Edit Logs time = 31 millis), max Transaction ID 48347
2018-03-20 12:21:58,848 INFO [pool-10-thread-1] o.a.n.c.r.WriteAheadFlowFileRepository Successfully checkpointed FlowFile Repository with 0 records in 208 milliseconds
2018-03-20 12:23:49,226 INFO [Write-Ahead Local State Provider Maintenance] org.wali.MinimalLockingWriteAheadLog org.wali.MinimalLockingWriteAheadLog@3b399f5a checkpointed with 2 Records and 0 Swap Files in 13 milliseconds (Stop-the-world time = 2 milliseconds, Clear Edit Logs time = 2 millis), max Transaction ID 11
2018-03-20 12:23:58,848 INFO [pool-10-thread-1] o.a.n.c.r.WriteAheadFlowFileRepository Initiating checkpoint of FlowFile Repository
2018-03-20 12:23:58,949 INFO [pool-10-thread-1] org.wali.MinimalLockingWriteAheadLog org.wali.MinimalLockingWriteAheadLog@7b38db21 checkpointed with 0 Records and 0 Swap Files in 100 milliseconds (Stop-the-world time = 44 milliseconds, Clear Edit Logs time = 28 millis), max Transaction ID 48347
2018-03-20 12:23:58,949 INFO [pool-10-thread-1] o.a.n.c.r.WriteAheadFlowFileRepository Successfully checkpointed FlowFile Repository with 0 records in 100 milliseconds
2018-03-20 12:25:49,239 INFO [Write-Ahead Local State Provider Maintenance] org.wali.MinimalLockingWriteAheadLog org.wali.MinimalLockingWriteAheadLog@3b399f5a checkpointed with 2 Records and 0 Swap Files in 12 milliseconds (Stop-the-world time = 3 milliseconds, Clear Edit Logs time = 1 millis), max Transaction ID 11
2018-03-20 12:25:58,949 INFO [pool-10-thread-1] o.a.n.c.r.WriteAheadFlowFileRepository Initiating checkpoint of FlowFile Repository
2018-03-20 12:25:59,141 INFO [pool-10-thread-1] org.wali.MinimalLockingWriteAheadLog org.wali.MinimalLockingWriteAheadLog@7b38db21 checkpointed with 0 Records and 0 Swap Files in 192 milliseconds (Stop-the-world time = 53 milliseconds, Clear Edit Logs time = 30 millis), max Transaction ID 48347
2018-03-20 12:25:59,141 INFO [pool-10-thread-1] o.a.n.c.r.WriteAheadFlowFileRepository Successfully checkpointed FlowFile Repository with 0 records in 192 milliseconds
2018-03-20 12:27:49,252 INFO [Write-Ahead Local State Provider Maintenance] org.wali.MinimalLockingWriteAheadLog org.wali.MinimalLockingWriteAheadLog@3b399f5a checkpointed with 2 Records and 0 Swap Files in 12 milliseconds (Stop-the-world time = 1 milliseconds, Clear Edit Logs time = 2 millis), max Transaction ID 11
2018-03-20 12:27:59,142 INFO [pool-10-thread-1] o.a.n.c.r.WriteAheadFlowFileRepository Initiating checkpoint of FlowFile Repository
2018-03-20 12:27:59,292 INFO [pool-10-thread-1] org.wali.MinimalLockingWriteAheadLog org.wali.MinimalLockingWriteAheadLog@7b38db21 checkpointed with 0 Records and 0 Swap Files in 150 milliseconds (Stop-the-world time = 44 milliseconds, Clear Edit Logs time = 30 millis), max Transaction ID 48347
2018-03-20 12:27:59,292 INFO [pool-10-thread-1] o.a.n.c.r.WriteAheadFlowFileRepository Successfully checkpointed FlowFile Repository with 0 records in 150 milliseconds
2018-03-20 12:29:49,263 INFO [Write-Ahead Local State Provider Maintenance] org.wali.MinimalLockingWriteAheadLog org.wali.MinimalLockingWriteAheadLog@3b399f5a checkpointed with 2 Records and 0 Swap Files in 10 milliseconds (Stop-the-world time = 1 milliseconds, Clear Edit Logs time = 1 millis), max Transaction ID 11
2018-03-20 12:29:59,292 INFO [pool-10-thread-1] o.a.n.c.r.WriteAheadFlowFileRepository Initiating checkpoint of FlowFile Repository
2018-03-20 12:29:59,406 INFO [pool-10-thread-1] org.wali.MinimalLockingWriteAheadLog org.wali.MinimalLockingWriteAheadLog@7b38db21 checkpointed with 0 Records and 0 Swap Files in 114 milliseconds (Stop-the-world time = 42 milliseconds, Clear Edit Logs time = 30 millis), max Transaction ID 48347
2018-03-20 12:29:59,406 INFO [pool-10-thread-1] o.a.n.c.r.WriteAheadFlowFileRepository Successfully checkpointed FlowFile Repository with 0 records in 114 milliseconds
2018-03-20 12:31:49,284 INFO [Write-Ahead Local State Provider Maintenance] org.wali.MinimalLockingWriteAheadLog org.wali.MinimalLockingWriteAheadLog@3b399f5a checkpointed with 2 Records and 0 Swap Files in 21 milliseconds (Stop-the-world time = 2 milliseconds, Clear Edit Logs time = 2 millis), max Transaction ID 11
2018-03-20 12:31:59,406 INFO [pool-10-thread-1] o.a.n.c.r.WriteAheadFlowFileRepository Initiating checkpoint of FlowFile Repository
2018-03-20 12:31:59,546 INFO [pool-10-thread-1] org.wali.MinimalLockingWriteAheadLog org.wali.MinimalLockingWriteAheadLog@7b38db21 checkpointed with 0 Records and 0 Swap Files in 139 milliseconds (Stop-the-world time = 43 milliseconds, Clear Edit Logs time = 29 millis), max Transaction ID 48347
2018-03-20 12:31:59,546 INFO [pool-10-thread-1] o.a.n.c.r.WriteAheadFlowFileRepository Successfully checkpointed FlowFile Repository with 0 records in 139 milliseconds
2018-03-20 12:32:53,663 INFO [Flow Service Tasks Thread-1] o.a.nifi.controller.StandardFlowService Saved flow controller org.apache.nifi.controller.FlowController@63ba8cc7 // Another save pending = false
2018-03-20 12:32:56,978 INFO [Flow Service Tasks Thread-1] o.a.nifi.controller.StandardFlowService Saved flow controller org.apache.nifi.controller.FlowController@63ba8cc7 // Another save pending = false
2018-03-20 12:33:49,297 INFO [Write-Ahead Local State Provider Maintenance] org.wali.MinimalLockingWriteAheadLog org.wali.MinimalLockingWriteAheadLog@3b399f5a checkpointed with 2 Records and 0 Swap Files in 12 milliseconds (Stop-the-world time = 1 milliseconds, Clear Edit Logs time = 2 millis), max Transaction ID 11
2018-03-20 12:33:59,547 INFO [pool-10-thread-1] o.a.n.c.r.WriteAheadFlowFileRepository Initiating checkpoint of FlowFile Repository
2018-03-20 12:33:59,641 INFO [pool-10-thread-1] org.wali.MinimalLockingWriteAheadLog org.wali.MinimalLockingWriteAheadLog@7b38db21 checkpointed with 0 Records and 0 Swap Files in 94 milliseconds (Stop-the-world time = 43 milliseconds, Clear Edit Logs time = 28 millis), max Transaction ID 48347
2018-03-20 12:33:59,641 INFO [pool-10-thread-1] o.a.n.c.r.WriteAheadFlowFileRepository Successfully checkpointed FlowFile Repository with 0 records in 94 milliseconds
2018-03-20 12:34:23,849 INFO [Flow Service Tasks Thread-1] o.a.nifi.controller.StandardFlowService Saved flow controller org.apache.nifi.controller.FlowController@63ba8cc7 // Another save pending = false
2018-03-20 12:34:27,618 INFO [Flow Service Tasks Thread-1] o.a.nifi.controller.StandardFlowService Saved flow controller org.apache.nifi.controller.FlowController@63ba8cc7 // Another save pending = false
2018-03-20 12:34:36,820 INFO [NiFi Web Server-74] o.a.nifi.groups.StandardProcessGroup Connection[Source ID=42d42903-0162-1000-a30a-f92e00b0da2d,Dest ID=42b5b096-0162-1000-e2d0-b65b34630585] removed from flow
2018-03-20 12:34:37,584 INFO [Flow Service Tasks Thread-1] o.a.nifi.controller.StandardFlowService Saved flow controller org.apache.nifi.controller.FlowController@63ba8cc7 // Another save pending = false
2018-03-20 12:34:38,805 INFO [NiFi Web Server-21] o.a.nifi.groups.StandardProcessGroup Connection[Source ID=42eb0172-0162-1000-8f6d-7cb39db44617,Dest ID=42d2b884-0162-1000-6c30-a33eda8da229] removed from flow
2018-03-20 12:34:39,448 INFO [Flow Service Tasks Thread-1] o.a.nifi.controller.StandardFlowService Saved flow controller org.apache.nifi.controller.FlowController@63ba8cc7 // Another save pending = false
2018-03-20 12:34:41,666 INFO [Flow Service Tasks Thread-1] o.a.nifi.controller.StandardFlowService Saved flow controller org.apache.nifi.controller.FlowController@63ba8cc7 // Another save pending = false
2018-03-20 12:34:45,921 INFO [Flow Service Tasks Thread-1] o.a.nifi.controller.StandardFlowService Saved flow controller org.apache.nifi.controller.FlowController@63ba8cc7 // Another save pending = false
2018-03-20 12:34:51,666 INFO [Flow Service Tasks Thread-1] o.a.nifi.controller.StandardFlowService Saved flow controller org.apache.nifi.controller.FlowController@63ba8cc7 // Another save pending = false
2018-03-20 12:35:26,911 INFO [Flow Service Tasks Thread-2] o.a.nifi.controller.StandardFlowService Saved flow controller org.apache.nifi.controller.FlowController@63ba8cc7 // Another save pending = false
2018-03-20 12:35:30,218 INFO [Flow Service Tasks Thread-2] o.a.nifi.controller.StandardFlowService Saved flow controller org.apache.nifi.controller.FlowController@63ba8cc7 // Another save pending = false
2018-03-20 12:35:31,945 INFO [Flow Service Tasks Thread-2] o.a.nifi.controller.StandardFlowService Saved flow controller org.apache.nifi.controller.FlowController@63ba8cc7 // Another save pending = false
2018-03-20 12:35:33,686 INFO [Flow Service Tasks Thread-2] o.a.nifi.controller.StandardFlowService Saved flow controller org.apache.nifi.controller.FlowController@63ba8cc7 // Another save pending = false
2018-03-20 12:35:40,934 INFO [Flow Service Tasks Thread-2] o.a.nifi.controller.StandardFlowService Saved flow controller org.apache.nifi.controller.FlowController@63ba8cc7 // Another save pending = false
2018-03-20 12:35:47,191 INFO [Flow Service Tasks Thread-2] o.a.nifi.controller.StandardFlowService Saved flow controller org.apache.nifi.controller.FlowController@63ba8cc7 // Another save pending = false
2018-03-20 12:35:49,310 INFO [Write-Ahead Local State Provider Maintenance] org.wali.MinimalLockingWriteAheadLog org.wali.MinimalLockingWriteAheadLog@3b399f5a checkpointed with 2 Records and 0 Swap Files in 13 milliseconds (Stop-the-world time = 1 milliseconds, Clear Edit Logs time = 1 millis), max Transaction ID 11
2018-03-20 12:35:59,642 INFO [pool-10-thread-1] o.a.n.c.r.WriteAheadFlowFileRepository Initiating checkpoint of FlowFile Repository
2018-03-20 12:35:59,898 INFO [pool-10-thread-1] org.wali.MinimalLockingWriteAheadLog org.wali.MinimalLockingWriteAheadLog@7b38db21 checkpointed with 0 Records and 0 Swap Files in 256 milliseconds (Stop-the-world time = 44 milliseconds, Clear Edit Logs time = 29 millis), max Transaction ID 48347
2018-03-20 12:35:59,898 INFO [pool-10-thread-1] o.a.n.c.r.WriteAheadFlowFileRepository Successfully checkpointed FlowFile Repository with 0 records in 256 milliseconds
2018-03-20 12:36:39,633 INFO [Flow Service Tasks Thread-2] o.a.nifi.controller.StandardFlowService Saved flow controller org.apache.nifi.controller.FlowController@63ba8cc7 // Another save pending = false
2018-03-20 12:37:10,618 INFO [NiFi Web Server-16] o.a.nifi.groups.StandardProcessGroup Connection[Source ID=43688835-0162-1000-0b83-3ce64088b518,Dest ID=42b5b096-0162-1000-e2d0-b65b34630585] removed from flow
2018-03-20 12:37:10,845 INFO [Flow Service Tasks Thread-2] o.a.nifi.controller.StandardFlowService Saved flow controller org.apache.nifi.controller.FlowController@63ba8cc7 // Another save pending = false
2018-03-20 12:37:15,052 INFO [Flow Service Tasks Thread-2] o.a.nifi.controller.StandardFlowService Saved flow controller org.apache.nifi.controller.FlowController@63ba8cc7 // Another save pending = false
2018-03-20 12:37:21,263 INFO [Flow Service Tasks Thread-2] o.a.nifi.controller.StandardFlowService Saved flow controller org.apache.nifi.controller.FlowController@63ba8cc7 // Another save pending = false
2018-03-20 12:37:28,522 INFO [Flow Service Tasks Thread-2] o.a.nifi.controller.StandardFlowService Saved flow controller org.apache.nifi.controller.FlowController@63ba8cc7 // Another save pending = false
2018-03-20 12:37:49,322 INFO [Write-Ahead Local State Provider Maintenance] org.wali.MinimalLockingWriteAheadLog org.wali.MinimalLockingWriteAheadLog@3b399f5a checkpointed with 2 Records and 0 Swap Files in 11 milliseconds (Stop-the-world time = 2 milliseconds, Clear Edit Logs time = 1 millis), max Transaction ID 11
2018-03-20 12:37:59,898 INFO [pool-10-thread-1] o.a.n.c.r.WriteAheadFlowFileRepository Initiating checkpoint of FlowFile Repository
2018-03-20 12:38:00,102 INFO [pool-10-thread-1] org.wali.MinimalLockingWriteAheadLog org.wali.MinimalLockingWriteAheadLog@7b38db21 checkpointed with 0 Records and 0 Swap Files in 203 milliseconds (Stop-the-world time = 46 milliseconds, Clear Edit Logs time = 36 millis), max Transaction ID 48347
2018-03-20 12:38:00,102 INFO [pool-10-thread-1] o.a.n.c.r.WriteAheadFlowFileRepository Successfully checkpointed FlowFile Repository with 0 records in 203 milliseconds
2018-03-20 12:39:49,334 INFO [Write-Ahead Local State Provider Maintenance] org.wali.MinimalLockingWriteAheadLog org.wali.MinimalLockingWriteAheadLog@3b399f5a checkpointed with 2 Records and 0 Swap Files in 11 milliseconds (Stop-the-world time = 1 milliseconds, Clear Edit Logs time = 1 millis), max Transaction ID 11
2018-03-20 12:40:00,102 INFO [pool-10-thread-1] o.a.n.c.r.WriteAheadFlowFileRepository Initiating checkpoint of FlowFile Repository
2018-03-20 12:40:00,261 INFO [pool-10-thread-1] org.wali.MinimalLockingWriteAheadLog org.wali.MinimalLockingWriteAheadLog@7b38db21 checkpointed with 0 Records and 0 Swap Files in 158 milliseconds (Stop-the-world time = 47 milliseconds, Clear Edit Logs time = 35 millis), max Transaction ID 48347
2018-03-20 12:40:00,261 INFO [pool-10-thread-1] o.a.n.c.r.WriteAheadFlowFileRepository Successfully checkpointed FlowFile Repository with 0 records in 158 milliseconds
2018-03-20 12:41:20,847 INFO [Flow Service Tasks Thread-2] o.a.nifi.controller.StandardFlowService Saved flow controller org.apache.nifi.controller.FlowController@63ba8cc7 // Another save pending = false
2018-03-20 12:41:30,222 INFO [Flow Service Tasks Thread-2] o.a.nifi.controller.StandardFlowService Saved flow controller org.apache.nifi.controller.FlowController@63ba8cc7 // Another save pending = false
2018-03-20 12:41:49,350 INFO [Write-Ahead Local State Provider Maintenance] org.wali.MinimalLockingWriteAheadLog org.wali.MinimalLockingWriteAheadLog@3b399f5a checkpointed with 2 Records and 0 Swap Files in 15 milliseconds (Stop-the-world time = 1 milliseconds, Clear Edit Logs time = 3 millis), max Transaction ID 11
2018-03-20 12:42:00,261 INFO [pool-10-thread-1] o.a.n.c.r.WriteAheadFlowFileRepository Initiating checkpoint of FlowFile Repository
2018-03-20 12:42:00,477 INFO [pool-10-thread-1] org.wali.MinimalLockingWriteAheadLog org.wali.MinimalLockingWriteAheadLog@7b38db21 checkpointed with 0 Records and 0 Swap Files in 215 milliseconds (Stop-the-world time = 49 milliseconds, Clear Edit Logs time = 49 millis), max Transaction ID 48347
2018-03-20 12:42:00,477 INFO [pool-10-thread-1] o.a.n.c.r.WriteAheadFlowFileRepository Successfully checkpointed FlowFile Repository with 0 records in 215 milliseconds
2018-03-20 12:43:49,363 INFO [Write-Ahead Local State Provider Maintenance] org.wali.MinimalLockingWriteAheadLog org.wali.MinimalLockingWriteAheadLog@3b399f5a checkpointed with 2 Records and 0 Swap Files in 12 milliseconds (Stop-the-world time = 2 milliseconds, Clear Edit Logs time = 1 millis), max Transaction ID 11
2018-03-20 12:44:00,477 INFO [pool-10-thread-1] o.a.n.c.r.WriteAheadFlowFileRepository Initiating checkpoint of FlowFile Repository
2018-03-20 12:44:00,647 INFO [pool-10-thread-1] org.wali.MinimalLockingWriteAheadLog org.wali.MinimalLockingWriteAheadLog@7b38db21 checkpointed with 0 Records and 0 Swap Files in 169 milliseconds (Stop-the-world time = 46 milliseconds, Clear Edit Logs time = 29 millis), max Transaction ID 48347
2018-03-20 12:44:00,647 INFO [pool-10-thread-1] o.a.n.c.r.WriteAheadFlowFileRepository Successfully checkpointed FlowFile Repository with 0 records in 169 milliseconds
2018-03-20 12:45:49,424 INFO [Write-Ahead Local State Provider Maintenance] org.wali.MinimalLockingWriteAheadLog org.wali.MinimalLockingWriteAheadLog@3b399f5a checkpointed with 2 Records and 0 Swap Files in 60 milliseconds (Stop-the-world time = 1 milliseconds, Clear Edit Logs time = 1 millis), max Transaction ID 11
2018-03-20 12:46:00,647 INFO [pool-10-thread-1] o.a.n.c.r.WriteAheadFlowFileRepository Initiating checkpoint of FlowFile Repository
2018-03-20 12:46:00,744 INFO [pool-10-thread-1] org.wali.MinimalLockingWriteAheadLog org.wali.MinimalLockingWriteAheadLog@7b38db21 checkpointed with 0 Records and 0 Swap Files in 97 milliseconds (Stop-the-world time = 44 milliseconds, Clear Edit Logs time = 31 millis), max Transaction ID 48347
2018-03-20 12:46:00,745 INFO [pool-10-thread-1] o.a.n.c.r.WriteAheadFlowFileRepository Successfully checkpointed FlowFile Repository with 0 records in 97 milliseconds
2018-03-20 12:47:49,437 INFO [Write-Ahead Local State Provider Maintenance] org.wali.MinimalLockingWriteAheadLog org.wali.MinimalLockingWriteAheadLog@3b399f5a checkpointed with 2 Records and 0 Swap Files in 12 milliseconds (Stop-the-world time = 2 milliseconds, Clear Edit Logs time = 2 millis), max Transaction ID 11
2018-03-20 12:48:00,745 INFO [pool-10-thread-1] o.a.n.c.r.WriteAheadFlowFileRepository Initiating checkpoint of FlowFile Repository
2018-03-20 12:48:00,912 INFO [pool-10-thread-1] org.wali.MinimalLockingWriteAheadLog org.wali.MinimalLockingWriteAheadLog@7b38db21 checkpointed with 0 Records and 0 Swap Files in 166 milliseconds (Stop-the-world time = 44 milliseconds, Clear Edit Logs time = 43 millis), max Transaction ID 48347
2018-03-20 12:48:00,912 INFO [pool-10-thread-1] o.a.n.c.r.WriteAheadFlowFileRepository Successfully checkpointed FlowFile Repository with 0 records in 166 milliseconds
2018-03-20 12:48:22,677 INFO [Flow Service Tasks Thread-2] o.a.nifi.controller.StandardFlowService Saved flow controller org.apache.nifi.controller.FlowController@63ba8cc7 // Another save pending = false
2018-03-20 12:48:24,407 INFO [Flow Service Tasks Thread-2] o.a.nifi.controller.StandardFlowService Saved flow controller org.apache.nifi.controller.FlowController@63ba8cc7 // Another save pending = false
2018-03-20 12:48:29,368 INFO [NiFi Web Server-22] o.a.n.c.s.StandardProcessScheduler Starting FetchS3Object[id=42d2b884-0162-1000-6c30-a33eda8da229]
2018-03-20 12:48:29,372 INFO [StandardProcessScheduler Thread-8] o.a.n.c.s.TimerDrivenSchedulingAgent Scheduled FetchS3Object[id=42d2b884-0162-1000-6c30-a33eda8da229] to run with 1 threads
2018-03-20 12:48:29,375 INFO [NiFi Web Server-20] o.a.n.c.s.StandardProcessScheduler Starting RouteOnAttribute[id=4368394d-0162-1000-af52-a543797a6b42]
2018-03-20 12:48:29,382 INFO [StandardProcessScheduler Thread-2] o.a.n.c.s.TimerDrivenSchedulingAgent Scheduled RouteOnAttribute[id=4368394d-0162-1000-af52-a543797a6b42] to run with 1 threads
2018-03-20 12:48:29,383 INFO [NiFi Web Server-74] o.a.n.c.s.StandardProcessScheduler Starting PutAzureDataLake[id=42b5b096-0162-1000-e2d0-b65b34630585]
2018-03-20 12:48:29,391 INFO [StandardProcessScheduler Thread-6] o.a.n.c.s.TimerDrivenSchedulingAgent Scheduled PutAzureDataLake[id=42b5b096-0162-1000-e2d0-b65b34630585] to run with 1 threads
2018-03-20 12:48:29,392 INFO [NiFi Web Server-21] o.a.n.c.s.StandardProcessScheduler Starting ListS3[id=42e892d3-0162-1000-a704-6d09072b5bec]
2018-03-20 12:48:29,399 INFO [StandardProcessScheduler Thread-3] o.a.n.c.s.TimerDrivenSchedulingAgent Scheduled ListS3[id=42e892d3-0162-1000-a704-6d09072b5bec] to run with 1 threads
2018-03-20 12:48:29,722 INFO [pool-119-thread-1] c.m.aad.adal4j.AuthenticationAuthority [Correlation ID: 97202c28-cb24-41ee-93ed-8355822cc498] Instance discovery was successful
2018-03-20 12:48:29,976 INFO [Flow Service Tasks Thread-2] o.a.nifi.controller.StandardFlowService Saved flow controller org.apache.nifi.controller.FlowController@63ba8cc7 // Another save pending = false
2018-03-20 12:48:35,884 INFO [Timer-Driven Process Thread-1] Processors.PutAzureDataLake PutAzureDataLake[id=42b5b096-0162-1000-e2d0-b65b34630585] Successfully put /tests3/sql1.txt to Azure Datalake in 6164 milliseconds
2018-03-20 12:48:36,593 INFO [Provenance Maintenance Thread-2] o.a.n.p.PersistentProvenanceRepository Created new Provenance Event Writers for events starting with ID 70514
2018-03-20 12:48:36,838 INFO [Provenance Repository Rollover Thread-2] o.a.n.p.lucene.SimpleIndexManager Index Writer for ./provenance_repository/index-1521530502000 has been returned to Index Manager and is no longer in use. Closing Index Writer
2018-03-20 12:48:36,840 INFO [Provenance Repository Rollover Thread-2] o.a.n.p.PersistentProvenanceRepository Successfully merged 16 journal files (16 records) into single Provenance Log File ./provenance_repository/70498.prov in 250 milliseconds
2018-03-20 12:48:36,841 INFO [Provenance Repository Rollover Thread-2] o.a.n.p.PersistentProvenanceRepository Successfully Rolled over Provenance Event file containing 602 records. In the past 5 minutes, 16 events have been written to the Provenance Repository, totaling 11.13 KB
2018-03-20 12:49:36,588 INFO [NiFi Web Server-22] o.a.nifi.groups.StandardProcessGroup GenerateFlowFile[id=42c72ea7-0162-1000-5e49-f58ce880200b] removed from flow
2018-03-20 12:49:37,226 INFO [Flow Service Tasks Thread-2] o.a.nifi.controller.StandardFlowService Saved flow controller org.apache.nifi.controller.FlowController@63ba8cc7 // Another save pending = false
2018-03-20 12:49:40,948 INFO [Flow Service Tasks Thread-2] o.a.nifi.controller.StandardFlowService Saved flow controller org.apache.nifi.controller.FlowController@63ba8cc7 // Another save pending = false
2018-03-20 12:49:49,448 INFO [Write-Ahead Local State Provider Maintenance] org.wali.MinimalLockingWriteAheadLog org.wali.MinimalLockingWriteAheadLog@3b399f5a checkpointed with 3 Records and 0 Swap Files in 10 milliseconds (Stop-the-world time = 1 milliseconds, Clear Edit Logs time = 1 millis), max Transaction ID 16
2018-03-20 12:50:00,912 INFO [pool-10-thread-1] o.a.n.c.r.WriteAheadFlowFileRepository Initiating checkpoint of FlowFile Repository
2018-03-20 12:50:01,161 INFO [pool-10-thread-1] org.wali.MinimalLockingWriteAheadLog org.wali.MinimalLockingWriteAheadLog@7b38db21 checkpointed with 0 Records and 0 Swap Files in 248 milliseconds (Stop-the-world time = 46 milliseconds, Clear Edit Logs time = 40 millis), max Transaction ID 48355
2018-03-20 12:50:01,161 INFO [pool-10-thread-1] o.a.n.c.r.WriteAheadFlowFileRepository Successfully checkpointed FlowFile Repository with 0 records in 249 milliseconds
2018-03-20 12:50:02,120 INFO [NiFi Web Server-74] o.a.nifi.groups.StandardProcessGroup Template[id=e7c34294-fb29-4db0-9f08-df2cd5267363] added to StandardProcessGroup[identifier=421b6edd-0162-1000-91d0-2885f2e0e995]
2018-03-20 12:50:02,170 INFO [Flow Service Tasks Thread-2] o.a.nifi.controller.StandardFlowService Saved flow controller org.apache.nifi.controller.FlowController@63ba8cc7 // Another save pending = true
2018-03-20 12:50:03,067 INFO [Flow Service Tasks Thread-2] o.a.nifi.controller.StandardFlowService Saved flow controller org.apache.nifi.controller.FlowController@63ba8cc7 // Another save pending = false
2018-03-20 12:51:49,460 INFO [Write-Ahead Local State Provider Maintenance] org.wali.MinimalLockingWriteAheadLog org.wali.MinimalLockingWriteAheadLog@3b399f5a checkpointed with 3 Records and 0 Swap Files in 12 milliseconds (Stop-the-world time = 1 milliseconds, Clear Edit Logs time = 1 millis), max Transaction ID 16
2018-03-20 12:52:01,161 INFO [pool-10-thread-1] o.a.n.c.r.WriteAheadFlowFileRepository Initiating checkpoint of FlowFile Repository
2018-03-20 12:52:01,357 INFO [pool-10-thread-1] org.wali.MinimalLockingWriteAheadLog org.wali.MinimalLockingWriteAheadLog@7b38db21 checkpointed with 0 Records and 0 Swap Files in 195 milliseconds (Stop-the-world time = 53 milliseconds, Clear Edit Logs time = 33 millis), max Transaction ID 48355
2018-03-20 12:52:01,357 INFO [pool-10-thread-1] o.a.n.c.r.WriteAheadFlowFileRepository Successfully checkpointed FlowFile Repository with 0 records in 195 milliseconds
2018-03-20 12:53:49,475 INFO [Write-Ahead Local State Provider Maintenance] org.wali.MinimalLockingWriteAheadLog org.wali.MinimalLockingWriteAheadLog@3b399f5a checkpointed with 3 Records and 0 Swap Files in 14 milliseconds (Stop-the-world time = 1 milliseconds, Clear Edit Logs time = 1 millis), max Transaction ID 16
2018-03-20 12:54:01,357 INFO [pool-10-thread-1] o.a.n.c.r.WriteAheadFlowFileRepository Initiating checkpoint of FlowFile Repository
2018-03-20 12:54:01,504 INFO [pool-10-thread-1] org.wali.MinimalLockingWriteAheadLog org.wali.MinimalLockingWriteAheadLog@7b38db21 checkpointed with 0 Records and 0 Swap Files in 147 milliseconds (Stop-the-world time = 57 milliseconds, Clear Edit Logs time = 30 millis), max Transaction ID 48355
2018-03-20 12:54:01,504 INFO [pool-10-thread-1] o.a.n.c.r.WriteAheadFlowFileRepository Successfully checkpointed FlowFile Repository with 0 records in 147 milliseconds
2018-03-20 12:55:49,490 INFO [Write-Ahead Local State Provider Maintenance] org.wali.MinimalLockingWriteAheadLog org.wali.MinimalLockingWriteAheadLog@3b399f5a checkpointed with 3 Records and 0 Swap Files in 14 milliseconds (Stop-the-world time = 1 milliseconds, Clear Edit Logs time = 1 millis), max Transaction ID 16
2018-03-20 12:56:01,504 INFO [pool-10-thread-1] o.a.n.c.r.WriteAheadFlowFileRepository Initiating checkpoint of FlowFile Repository
2018-03-20 12:56:01,658 INFO [pool-10-thread-1] org.wali.MinimalLockingWriteAheadLog org.wali.MinimalLockingWriteAheadLog@7b38db21 checkpointed with 0 Records and 0 Swap Files in 153 milliseconds (Stop-the-world time = 46 milliseconds, Clear Edit Logs time = 29 millis), max Transaction ID 48355
2018-03-20 12:56:01,658 INFO [pool-10-thread-1] o.a.n.c.r.WriteAheadFlowFileRepository Successfully checkpointed FlowFile Repository with 0 records in 153 milliseconds
2018-03-20 12:57:35,531 INFO [NiFi Web Server-16] o.a.n.c.s.StandardProcessScheduler Stopping ListS3[id=42e892d3-0162-1000-a704-6d09072b5bec]
2018-03-20 12:57:35,531 INFO [NiFi Web Server-16] o.a.n.controller.StandardProcessorNode Stopping processor: class org.apache.nifi.processors.aws.s3.ListS3
2018-03-20 12:57:35,532 INFO [StandardProcessScheduler Thread-1] o.a.n.c.s.TimerDrivenSchedulingAgent Stopped scheduling ListS3[id=42e892d3-0162-1000-a704-6d09072b5bec] to run
2018-03-20 12:57:35,539 INFO [NiFi Web Server-74] o.a.n.c.s.StandardProcessScheduler Stopping PutAzureDataLake[id=42b5b096-0162-1000-e2d0-b65b34630585]
2018-03-20 12:57:35,539 INFO [NiFi Web Server-74] o.a.n.controller.StandardProcessorNode Stopping processor: class Processors.PutAzureDataLake
2018-03-20 12:57:35,541 INFO [StandardProcessScheduler Thread-4] o.a.n.c.s.TimerDrivenSchedulingAgent Stopped scheduling PutAzureDataLake[id=42b5b096-0162-1000-e2d0-b65b34630585] to run
2018-03-20 12:57:35,546 INFO [NiFi Web Server-21] o.a.n.c.s.StandardProcessScheduler Stopping RouteOnAttribute[id=4368394d-0162-1000-af52-a543797a6b42]
2018-03-20 12:57:35,546 INFO [NiFi Web Server-21] o.a.n.controller.StandardProcessorNode Stopping processor: class org.apache.nifi.processors.standard.RouteOnAttribute
2018-03-20 12:57:35,552 INFO [StandardProcessScheduler Thread-7] o.a.n.c.s.TimerDrivenSchedulingAgent Stopped scheduling RouteOnAttribute[id=4368394d-0162-1000-af52-a543797a6b42] to run
2018-03-20 12:57:35,553 INFO [NiFi Web Server-22] o.a.n.c.s.StandardProcessScheduler Stopping FetchS3Object[id=42d2b884-0162-1000-6c30-a33eda8da229]
2018-03-20 12:57:35,553 INFO [NiFi Web Server-22] o.a.n.controller.StandardProcessorNode Stopping processor: class org.apache.nifi.processors.aws.s3.FetchS3Object
2018-03-20 12:57:35,559 INFO [StandardProcessScheduler Thread-5] o.a.n.c.s.TimerDrivenSchedulingAgent Stopped scheduling FetchS3Object[id=42d2b884-0162-1000-6c30-a33eda8da229] to run
2018-03-20 12:57:36,078 INFO [Flow Service Tasks Thread-2] o.a.nifi.controller.StandardFlowService Saved flow controller org.apache.nifi.controller.FlowController@63ba8cc7 // Another save pending = false
2018-03-20 12:57:49,501 INFO [Write-Ahead Local State Provider Maintenance] org.wali.MinimalLockingWriteAheadLog org.wali.MinimalLockingWriteAheadLog@3b399f5a checkpointed with 3 Records and 0 Swap Files in 11 milliseconds (Stop-the-world time = 1 milliseconds, Clear Edit Logs time = 1 millis), max Transaction ID 16
2018-03-20 12:58:01,658 INFO [pool-10-thread-1] o.a.n.c.r.WriteAheadFlowFileRepository Initiating checkpoint of FlowFile Repository
2018-03-20 12:58:01,813 INFO [pool-10-thread-1] org.wali.MinimalLockingWriteAheadLog org.wali.MinimalLockingWriteAheadLog@7b38db21 checkpointed with 0 Records and 0 Swap Files in 155 milliseconds (Stop-the-world time = 45 milliseconds, Clear Edit Logs time = 28 millis), max Transaction ID 48355
2018-03-20 12:58:01,813 INFO [pool-10-thread-1] o.a.n.c.r.WriteAheadFlowFileRepository Successfully checkpointed FlowFile Repository with 0 records in 155 milliseconds
2018-03-20 12:59:49,528 INFO [Write-Ahead Local State Provider Maintenance] org.wali.MinimalLockingWriteAheadLog org.wali.MinimalLockingWriteAheadLog@3b399f5a checkpointed with 3 Records and 0 Swap Files in 26 milliseconds (Stop-the-world time = 1 milliseconds, Clear Edit Logs time = 2 millis), max Transaction ID 16
